{"/home/travis/build/npmtest/node-npmtest-browserify-hmr/test.js":{"path":"/home/travis/build/npmtest/node-npmtest-browserify-hmr/test.js","s":{"1":2,"2":2,"3":2,"4":2,"5":2,"6":2,"7":2,"8":1,"9":2,"10":2,"11":1,"12":1,"13":1,"14":1,"15":2,"16":2,"17":2,"18":2,"19":1,"20":1,"21":2,"22":2,"23":2,"24":1,"25":1,"26":1,"27":1,"28":1,"29":1,"30":1,"31":1,"32":1,"33":1,"34":1,"35":1,"36":1,"37":1,"38":1,"39":2,"40":2,"41":1,"42":2,"43":2,"44":1,"45":2,"46":2,"47":1,"48":2,"49":2,"50":1,"51":1,"52":1,"53":1,"54":1},"b":{"1":[2,1,1,1],"2":[1,1,1,1],"3":[1,1],"4":[1,1],"5":[1,1],"6":[1,1],"7":[1,1],"8":[1,1],"9":[1,1],"10":[1,1,1],"11":[1,1],"12":[1,1],"13":[1,1],"14":[1,1],"15":[1,1],"16":[1,1],"17":[1,1]},"f":{"1":2,"2":2,"3":2,"4":2,"5":2,"6":1,"7":1,"8":1,"9":2,"10":2,"11":2,"12":2,"13":1},"fnMap":{"1":{"name":"(anonymous_1)","line":12,"loc":{"start":{"line":12,"column":1},"end":{"line":12,"column":13}}},"2":{"name":"(anonymous_2)","line":19,"loc":{"start":{"line":19,"column":5},"end":{"line":19,"column":17}}},"3":{"name":"(anonymous_3)","line":23,"loc":{"start":{"line":23,"column":24},"end":{"line":23,"column":36}}},"4":{"name":"(anonymous_4)","line":61,"loc":{"start":{"line":61,"column":5},"end":{"line":61,"column":17}}},"5":{"name":"(anonymous_5)","line":82,"loc":{"start":{"line":82,"column":5},"end":{"line":82,"column":17}}},"6":{"name":"(anonymous_6)","line":91,"loc":{"start":{"line":91,"column":77},"end":{"line":94,"column":10}}},"7":{"name":"(anonymous_7)","line":112,"loc":{"start":{"line":112,"column":83},"end":{"line":115,"column":10}},"skip":true},"8":{"name":"(anonymous_8)","line":123,"loc":{"start":{"line":123,"column":77},"end":{"line":126,"column":10}},"skip":true},"9":{"name":"(anonymous_9)","line":139,"loc":{"start":{"line":139,"column":12},"end":{"line":139,"column":40}},"skip":true},"10":{"name":"(anonymous_10)","line":147,"loc":{"start":{"line":147,"column":77},"end":{"line":150,"column":10}},"skip":true},"11":{"name":"(anonymous_11)","line":158,"loc":{"start":{"line":158,"column":83},"end":{"line":161,"column":10}},"skip":true},"12":{"name":"(anonymous_12)","line":169,"loc":{"start":{"line":169,"column":79},"end":{"line":172,"column":10}},"skip":true},"13":{"name":"(anonymous_13)","line":180,"loc":{"start":{"line":180,"column":75},"end":{"line":183,"column":10}},"skip":true}},"statementMap":{"1":{"start":{"line":12,"column":0},"end":{"line":195,"column":5}},"2":{"start":{"line":14,"column":4},"end":{"line":14,"column":14}},"3":{"start":{"line":19,"column":4},"end":{"line":56,"column":9}},"4":{"start":{"line":21,"column":8},"end":{"line":21,"column":19}},"5":{"start":{"line":23,"column":8},"end":{"line":35,"column":13}},"6":{"start":{"line":24,"column":12},"end":{"line":34,"column":13}},"7":{"start":{"line":25,"column":16},"end":{"line":28,"column":30}},"8":{"start":{"line":30,"column":16},"end":{"line":33,"column":27}},"9":{"start":{"line":37,"column":8},"end":{"line":39,"column":21}},"10":{"start":{"line":40,"column":8},"end":{"line":53,"column":9}},"11":{"start":{"line":43,"column":12},"end":{"line":46,"column":14}},"12":{"start":{"line":47,"column":12},"end":{"line":47,"column":18}},"13":{"start":{"line":50,"column":12},"end":{"line":51,"column":33}},"14":{"start":{"line":52,"column":12},"end":{"line":52,"column":18}},"15":{"start":{"line":55,"column":8},"end":{"line":55,"column":35}},"16":{"start":{"line":61,"column":4},"end":{"line":63,"column":9}},"17":{"start":{"line":62,"column":8},"end":{"line":62,"column":15}},"18":{"start":{"line":64,"column":4},"end":{"line":77,"column":5}},"19":{"start":{"line":70,"column":8},"end":{"line":70,"column":14}},"20":{"start":{"line":76,"column":8},"end":{"line":76,"column":14}},"21":{"start":{"line":82,"column":4},"end":{"line":84,"column":9}},"22":{"start":{"line":83,"column":8},"end":{"line":83,"column":15}},"23":{"start":{"line":85,"column":4},"end":{"line":194,"column":5}},"24":{"start":{"line":91,"column":8},"end":{"line":99,"column":10}},"25":{"start":{"line":98,"column":12},"end":{"line":98,"column":35}},"26":{"start":{"line":102,"column":8},"end":{"line":104,"column":63}},"27":{"start":{"line":105,"column":8},"end":{"line":105,"column":14}},"28":{"start":{"line":112,"column":8},"end":{"line":121,"column":10},"skip":true},"29":{"start":{"line":119,"column":12},"end":{"line":119,"column":55},"skip":true},"30":{"start":{"line":120,"column":12},"end":{"line":120,"column":48},"skip":true},"31":{"start":{"line":123,"column":8},"end":{"line":136,"column":10},"skip":true},"32":{"start":{"line":130,"column":12},"end":{"line":130,"column":76},"skip":true},"33":{"start":{"line":131,"column":12},"end":{"line":131,"column":73},"skip":true},"34":{"start":{"line":132,"column":12},"end":{"line":132,"column":74},"skip":true},"35":{"start":{"line":133,"column":12},"end":{"line":133,"column":79},"skip":true},"36":{"start":{"line":134,"column":12},"end":{"line":134,"column":25},"skip":true},"37":{"start":{"line":135,"column":12},"end":{"line":135,"column":45},"skip":true},"38":{"start":{"line":138,"column":8},"end":{"line":145,"column":14},"skip":true},"39":{"start":{"line":143,"column":16},"end":{"line":143,"column":29},"skip":true},"40":{"start":{"line":144,"column":16},"end":{"line":144,"column":55},"skip":true},"41":{"start":{"line":147,"column":8},"end":{"line":156,"column":10},"skip":true},"42":{"start":{"line":154,"column":12},"end":{"line":154,"column":25},"skip":true},"43":{"start":{"line":155,"column":12},"end":{"line":155,"column":45},"skip":true},"44":{"start":{"line":158,"column":8},"end":{"line":167,"column":10},"skip":true},"45":{"start":{"line":165,"column":12},"end":{"line":165,"column":25},"skip":true},"46":{"start":{"line":166,"column":12},"end":{"line":166,"column":48},"skip":true},"47":{"start":{"line":169,"column":8},"end":{"line":178,"column":10},"skip":true},"48":{"start":{"line":176,"column":12},"end":{"line":176,"column":25},"skip":true},"49":{"start":{"line":177,"column":12},"end":{"line":177,"column":46},"skip":true},"50":{"start":{"line":180,"column":8},"end":{"line":189,"column":10},"skip":true},"51":{"start":{"line":187,"column":12},"end":{"line":187,"column":94},"skip":true},"52":{"start":{"line":188,"column":12},"end":{"line":188,"column":48},"skip":true},"53":{"start":{"line":192,"column":8},"end":{"line":192,"column":35},"skip":true},"54":{"start":{"line":193,"column":8},"end":{"line":193,"column":14},"skip":true}},"branchMap":{"1":{"line":25,"type":"binary-expr","locations":[{"start":{"line":25,"column":23},"end":{"line":25,"column":62}},{"start":{"line":26,"column":20},"end":{"line":26,"column":70}},{"start":{"line":27,"column":20},"end":{"line":27,"column":71}},{"start":{"line":28,"column":20},"end":{"line":28,"column":29}}]},"2":{"line":30,"type":"binary-expr","locations":[{"start":{"line":30,"column":23},"end":{"line":30,"column":37}},{"start":{"line":31,"column":20},"end":{"line":31,"column":61}},{"start":{"line":32,"column":20},"end":{"line":32,"column":70}},{"start":{"line":33,"column":20},"end":{"line":33,"column":26}}]},"3":{"line":37,"type":"cond-expr","locations":[{"start":{"line":38,"column":14},"end":{"line":38,"column":20}},{"start":{"line":39,"column":14},"end":{"line":39,"column":20}}]},"4":{"line":40,"type":"switch","locations":[{"start":{"line":42,"column":8},"end":{"line":47,"column":18}},{"start":{"line":49,"column":8},"end":{"line":52,"column":18}}]},"5":{"line":44,"type":"binary-expr","locations":[{"start":{"line":44,"column":16},"end":{"line":44,"column":44}},{"start":{"line":44,"column":48},"end":{"line":44,"column":66}}]},"6":{"line":50,"type":"binary-expr","locations":[{"start":{"line":50,"column":21},"end":{"line":50,"column":49}},{"start":{"line":50,"column":53},"end":{"line":50,"column":72}}]},"7":{"line":64,"type":"switch","locations":[{"start":{"line":69,"column":4},"end":{"line":70,"column":14}},{"start":{"line":75,"column":4},"end":{"line":76,"column":14}}]},"8":{"line":85,"type":"switch","locations":[{"start":{"line":90,"column":4},"end":{"line":105,"column":14}},{"start":{"line":111,"column":4},"end":{"line":193,"column":14},"skip":true}]},"9":{"line":91,"type":"binary-expr","locations":[{"start":{"line":91,"column":42},"end":{"line":91,"column":73}},{"start":{"line":91,"column":77},"end":{"line":99,"column":9}}]},"10":{"line":102,"type":"binary-expr","locations":[{"start":{"line":102,"column":18},"end":{"line":102,"column":32}},{"start":{"line":103,"column":12},"end":{"line":103,"column":53}},{"start":{"line":104,"column":12},"end":{"line":104,"column":61}}]},"11":{"line":112,"type":"binary-expr","locations":[{"start":{"line":112,"column":45},"end":{"line":112,"column":79},"skip":true},{"start":{"line":112,"column":83},"end":{"line":121,"column":9},"skip":true}]},"12":{"line":123,"type":"binary-expr","locations":[{"start":{"line":123,"column":42},"end":{"line":123,"column":73},"skip":true},{"start":{"line":123,"column":77},"end":{"line":136,"column":9},"skip":true}]},"13":{"line":138,"type":"binary-expr","locations":[{"start":{"line":138,"column":48},"end":{"line":138,"column":85},"skip":true},{"start":{"line":139,"column":12},"end":{"line":145,"column":13},"skip":true}]},"14":{"line":147,"type":"binary-expr","locations":[{"start":{"line":147,"column":42},"end":{"line":147,"column":73},"skip":true},{"start":{"line":147,"column":77},"end":{"line":156,"column":9},"skip":true}]},"15":{"line":158,"type":"binary-expr","locations":[{"start":{"line":158,"column":45},"end":{"line":158,"column":79},"skip":true},{"start":{"line":158,"column":83},"end":{"line":167,"column":9},"skip":true}]},"16":{"line":169,"type":"binary-expr","locations":[{"start":{"line":169,"column":43},"end":{"line":169,"column":75},"skip":true},{"start":{"line":169,"column":79},"end":{"line":178,"column":9},"skip":true}]},"17":{"line":180,"type":"binary-expr","locations":[{"start":{"line":180,"column":41},"end":{"line":180,"column":71},"skip":true},{"start":{"line":180,"column":75},"end":{"line":189,"column":9},"skip":true}]}},"code":["/* istanbul instrument in package npmtest_browserify_hmr */","/*jslint","    bitwise: true,","    browser: true,","    maxerr: 8,","    maxlen: 96,","    node: true,","    nomen: true,","    regexp: true,","    stupid: true","*/","(function () {","    'use strict';","    var local;","","","","    // run shared js-env code - init-before","    (function () {","        // init local","        local = {};","        // init modeJs","        local.modeJs = (function () {","            try {","                return typeof navigator.userAgent === 'string' &&","                    typeof document.querySelector('body') === 'object' &&","                    typeof XMLHttpRequest.prototype.open === 'function' &&","                    'browser';","            } catch (errorCaughtBrowser) {","                return module.exports &&","                    typeof process.versions.node === 'string' &&","                    typeof require('http').createServer === 'function' &&","                    'node';","            }","        }());","        // init global","        local.global = local.modeJs === 'browser'","            ? window","            : global;","        switch (local.modeJs) {","        // re-init local from window.local","        case 'browser':","            local = local.global.utility2.objectSetDefault(","                local.global.utility2_rollup || local.global.local,","                local.global.utility2","            );","            break;","        // re-init local from example.js","        case 'node':","            local = (local.global.utility2_rollup || require('utility2'))","                .requireReadme();","            break;","        }","        // export local","        local.global.local = local;","    }());","","","","    // run shared js-env code - function","    (function () {","        return;","    }());","    switch (local.modeJs) {","","","","    // run browser js-env code - function","    case 'browser':","        break;","","","","    // run node js-env code - function","    case 'node':","        break;","    }","","","","    // run shared js-env code - init-after","    (function () {","        return;","    }());","    switch (local.modeJs) {","","","","    // run browser js-env code - init-after","    case 'browser':","        local.testCase_browser_nullCase = local.testCase_browser_nullCase || function (","            options,","            onError","        ) {","        /*","         * this function will test browsers's null-case handling-behavior-behavior","         */","            onError(null, options);","        };","","        // run tests","        local.nop(local.modeTest &&","            document.querySelector('#testRunButton1') &&","            document.querySelector('#testRunButton1').click());","        break;","","","","    // run node js-env code - init-after","    /* istanbul ignore next */","    case 'node':","        local.testCase_buildApidoc_default = local.testCase_buildApidoc_default || function (","            options,","            onError","        ) {","        /*","         * this function will test buildApidoc's default handling-behavior-behavior","         */","            options = { modulePathList: module.paths };","            local.buildApidoc(options, onError);","        };","","        local.testCase_buildApp_default = local.testCase_buildApp_default || function (","            options,","            onError","        ) {","        /*","         * this function will test buildApp's default handling-behavior-behavior","         */","            local.testCase_buildReadme_default(options, local.onErrorThrow);","            local.testCase_buildLib_default(options, local.onErrorThrow);","            local.testCase_buildTest_default(options, local.onErrorThrow);","            local.testCase_buildCustomOrg_default(options, local.onErrorThrow);","            options = [];","            local.buildApp(options, onError);","        };","","        local.testCase_buildCustomOrg_default = local.testCase_buildCustomOrg_default ||","            function (options, onError) {","            /*","             * this function will test buildCustomOrg's default handling-behavior","             */","                options = {};","                local.buildCustomOrg(options, onError);","            };","","        local.testCase_buildLib_default = local.testCase_buildLib_default || function (","            options,","            onError","        ) {","        /*","         * this function will test buildLib's default handling-behavior","         */","            options = {};","            local.buildLib(options, onError);","        };","","        local.testCase_buildReadme_default = local.testCase_buildReadme_default || function (","            options,","            onError","        ) {","        /*","         * this function will test buildReadme's default handling-behavior-behavior","         */","            options = {};","            local.buildReadme(options, onError);","        };","","        local.testCase_buildTest_default = local.testCase_buildTest_default || function (","            options,","            onError","        ) {","        /*","         * this function will test buildTest's default handling-behavior","         */","            options = {};","            local.buildTest(options, onError);","        };","","        local.testCase_webpage_default = local.testCase_webpage_default || function (","            options,","            onError","        ) {","        /*","         * this function will test webpage's default handling-behavior","         */","            options = { modeCoverageMerge: true, url: local.serverLocalHost + '?modeTest=1' };","            local.browserTest(options, onError);","        };","","        // run test-server","        local.testRunServer(local);","        break;","    }","}());",""],"l":{"12":2,"14":2,"19":2,"21":2,"23":2,"24":2,"25":2,"30":1,"37":2,"40":2,"43":1,"47":1,"50":1,"52":1,"55":2,"61":2,"62":2,"64":2,"70":1,"76":1,"82":2,"83":2,"85":2,"91":1,"98":1,"102":1,"105":1,"112":1,"119":1,"120":1,"123":1,"130":1,"131":1,"132":1,"133":1,"134":1,"135":1,"138":1,"143":2,"144":2,"147":1,"154":2,"155":2,"158":1,"165":2,"166":2,"169":1,"176":2,"177":2,"180":1,"187":1,"188":1,"192":1,"193":1}},"/home/travis/build/npmtest/node-npmtest-browserify-hmr/lib.npmtest_browserify_hmr.js":{"path":"/home/travis/build/npmtest/node-npmtest-browserify-hmr/lib.npmtest_browserify_hmr.js","s":{"1":2,"2":2,"3":2,"4":2,"5":2,"6":2,"7":2,"8":1,"9":2,"10":2,"11":2,"12":2,"13":1,"14":1,"15":1,"16":1},"b":{"1":[2,1,1,1],"2":[1,1,1,1],"3":[1,1],"4":[2,2],"5":[1,1]},"f":{"1":2,"2":2,"3":2},"fnMap":{"1":{"name":"(anonymous_1)","line":12,"loc":{"start":{"line":12,"column":1},"end":{"line":12,"column":13}}},"2":{"name":"(anonymous_2)","line":19,"loc":{"start":{"line":19,"column":5},"end":{"line":19,"column":17}}},"3":{"name":"(anonymous_3)","line":23,"loc":{"start":{"line":23,"column":24},"end":{"line":23,"column":36}}}},"statementMap":{"1":{"start":{"line":12,"column":0},"end":{"line":53,"column":5}},"2":{"start":{"line":14,"column":4},"end":{"line":14,"column":14}},"3":{"start":{"line":19,"column":4},"end":{"line":52,"column":9}},"4":{"start":{"line":21,"column":8},"end":{"line":21,"column":19}},"5":{"start":{"line":23,"column":8},"end":{"line":35,"column":13}},"6":{"start":{"line":24,"column":12},"end":{"line":34,"column":13}},"7":{"start":{"line":25,"column":16},"end":{"line":28,"column":30}},"8":{"start":{"line":30,"column":16},"end":{"line":33,"column":27}},"9":{"start":{"line":37,"column":8},"end":{"line":39,"column":21}},"10":{"start":{"line":41,"column":8},"end":{"line":41,"column":54}},"11":{"start":{"line":43,"column":8},"end":{"line":43,"column":59}},"12":{"start":{"line":45,"column":8},"end":{"line":51,"column":9}},"13":{"start":{"line":46,"column":12},"end":{"line":46,"column":65}},"14":{"start":{"line":48,"column":12},"end":{"line":48,"column":35}},"15":{"start":{"line":49,"column":12},"end":{"line":49,"column":49}},"16":{"start":{"line":50,"column":12},"end":{"line":50,"column":43}}},"branchMap":{"1":{"line":25,"type":"binary-expr","locations":[{"start":{"line":25,"column":23},"end":{"line":25,"column":62}},{"start":{"line":26,"column":20},"end":{"line":26,"column":70}},{"start":{"line":27,"column":20},"end":{"line":27,"column":71}},{"start":{"line":28,"column":20},"end":{"line":28,"column":29}}]},"2":{"line":30,"type":"binary-expr","locations":[{"start":{"line":30,"column":23},"end":{"line":30,"column":37}},{"start":{"line":31,"column":20},"end":{"line":31,"column":61}},{"start":{"line":32,"column":20},"end":{"line":32,"column":70}},{"start":{"line":33,"column":20},"end":{"line":33,"column":26}}]},"3":{"line":37,"type":"cond-expr","locations":[{"start":{"line":38,"column":14},"end":{"line":38,"column":20}},{"start":{"line":39,"column":14},"end":{"line":39,"column":20}}]},"4":{"line":41,"type":"binary-expr","locations":[{"start":{"line":41,"column":16},"end":{"line":41,"column":44}},{"start":{"line":41,"column":48},"end":{"line":41,"column":53}}]},"5":{"line":45,"type":"if","locations":[{"start":{"line":45,"column":8},"end":{"line":45,"column":8}},{"start":{"line":45,"column":8},"end":{"line":45,"column":8}}]}},"code":["/* istanbul instrument in package npmtest_browserify_hmr */","/*jslint","    bitwise: true,","    browser: true,","    maxerr: 8,","    maxlen: 96,","    node: true,","    nomen: true,","    regexp: true,","    stupid: true","*/","(function () {","    'use strict';","    var local;","","","","    // run shared js-env code - init-before","    (function () {","        // init local","        local = {};","        // init modeJs","        local.modeJs = (function () {","            try {","                return typeof navigator.userAgent === 'string' &&","                    typeof document.querySelector('body') === 'object' &&","                    typeof XMLHttpRequest.prototype.open === 'function' &&","                    'browser';","            } catch (errorCaughtBrowser) {","                return module.exports &&","                    typeof process.versions.node === 'string' &&","                    typeof require('http').createServer === 'function' &&","                    'node';","            }","        }());","        // init global","        local.global = local.modeJs === 'browser'","            ? window","            : global;","        // init utility2_rollup","        local = local.global.utility2_rollup || local;","        // init lib","        local.local = local.npmtest_browserify_hmr = local;","        // init exports","        if (local.modeJs === 'browser') {","            local.global.utility2_npmtest_browserify_hmr = local;","        } else {","            module.exports = local;","            module.exports.__dirname = __dirname;","            module.exports.module = module;","        }","    }());","}());",""],"l":{"12":2,"14":2,"19":2,"21":2,"23":2,"24":2,"25":2,"30":1,"37":2,"41":2,"43":2,"45":2,"46":1,"48":1,"49":1,"50":1}},"/home/travis/build/npmtest/node-npmtest-browserify-hmr/example.js":{"path":"/home/travis/build/npmtest/node-npmtest-browserify-hmr/example.js","s":{"1":2,"2":2,"3":2,"4":2,"5":2,"6":2,"7":2,"8":1,"9":2,"10":2,"11":2,"12":2,"13":1,"14":2,"15":2,"16":2,"17":2,"18":2,"19":0,"20":2,"21":1,"22":1,"23":1,"24":1,"25":1,"26":0,"27":0,"28":1,"29":1,"30":2,"31":0,"32":0,"33":0,"34":1,"35":2,"36":2,"37":3,"38":3,"39":3,"40":3,"41":0,"42":3,"43":3,"44":3,"45":1,"46":3,"47":1,"48":1,"49":1,"50":1,"51":1,"52":1,"53":1,"54":1,"55":1,"56":1,"57":0,"58":1,"59":6,"60":6,"61":1,"62":2,"63":0,"64":2,"65":1,"66":1,"67":0,"68":0,"69":0,"70":0,"71":0,"72":0,"73":0,"74":0,"75":0,"76":0,"77":0,"78":0,"79":0,"80":0,"81":0,"82":0,"83":0},"b":{"1":[2,1,1,1],"2":[1,1,1,1],"3":[1,1],"4":[2,2],"5":[1,1],"6":[1,1],"7":[2,0],"8":[2,1,1,1,1,1],"9":[0,2,0],"10":[1,1],"11":[2,1,1],"12":[1,0],"13":[0,2],"14":[2,0,0,0,0,0,0],"15":[0,3],"16":[3,0],"17":[1,1],"18":[0,1],"19":[1,2,0,2],"20":[1,0],"21":[1,1],"22":[0,0],"23":[0,0],"24":[0,0],"25":[0,0],"26":[0,0],"27":[0,0],"28":[0,0]},"f":{"1":2,"2":2,"3":2,"4":2,"5":2,"6":2,"7":3,"8":3,"9":3,"10":1,"11":6,"12":0},"fnMap":{"1":{"name":"(anonymous_1)","line":26,"loc":{"start":{"line":26,"column":1},"end":{"line":26,"column":13}}},"2":{"name":"(anonymous_2)","line":33,"loc":{"start":{"line":33,"column":5},"end":{"line":33,"column":17}}},"3":{"name":"(anonymous_3)","line":37,"loc":{"start":{"line":37,"column":24},"end":{"line":37,"column":36}}},"4":{"name":"(anonymous_4)","line":69,"loc":{"start":{"line":69,"column":31},"end":{"line":69,"column":48}},"skip":true},"5":{"name":"(anonymous_5)","line":78,"loc":{"start":{"line":78,"column":26},"end":{"line":78,"column":45}},"skip":true},"6":{"name":"(anonymous_6)","line":123,"loc":{"start":{"line":123,"column":33},"end":{"line":123,"column":48}},"skip":true},"7":{"name":"(anonymous_7)","line":125,"loc":{"start":{"line":125,"column":27},"end":{"line":125,"column":39}},"skip":true},"8":{"name":"(anonymous_8)","line":133,"loc":{"start":{"line":133,"column":59},"end":{"line":133,"column":74}},"skip":true},"9":{"name":"(anonymous_9)","line":143,"loc":{"start":{"line":143,"column":45},"end":{"line":143,"column":62}},"skip":true},"10":{"name":"(anonymous_10)","line":144,"loc":{"start":{"line":144,"column":73},"end":{"line":144,"column":92}},"skip":true},"11":{"name":"(anonymous_11)","line":272,"loc":{"start":{"line":272,"column":51},"end":{"line":272,"column":77}},"skip":true},"12":{"name":"(anonymous_12)","line":315,"loc":{"start":{"line":315,"column":32},"end":{"line":315,"column":61}},"skip":true}},"statementMap":{"1":{"start":{"line":26,"column":0},"end":{"line":326,"column":5}},"2":{"start":{"line":28,"column":4},"end":{"line":28,"column":14}},"3":{"start":{"line":33,"column":4},"end":{"line":60,"column":9}},"4":{"start":{"line":35,"column":8},"end":{"line":35,"column":19}},"5":{"start":{"line":37,"column":8},"end":{"line":49,"column":13}},"6":{"start":{"line":38,"column":12},"end":{"line":48,"column":13}},"7":{"start":{"line":39,"column":16},"end":{"line":42,"column":30}},"8":{"start":{"line":44,"column":16},"end":{"line":47,"column":27}},"9":{"start":{"line":51,"column":8},"end":{"line":53,"column":21}},"10":{"start":{"line":55,"column":8},"end":{"line":57,"column":45}},"11":{"start":{"line":59,"column":8},"end":{"line":59,"column":35}},"12":{"start":{"line":61,"column":4},"end":{"line":325,"column":5}},"13":{"start":{"line":69,"column":8},"end":{"line":121,"column":10},"skip":true},"14":{"start":{"line":70,"column":12},"end":{"line":88,"column":13},"skip":true},"15":{"start":{"line":76,"column":16},"end":{"line":87,"column":19},"skip":true},"16":{"start":{"line":79,"column":20},"end":{"line":86,"column":21},"skip":true},"17":{"start":{"line":82,"column":24},"end":{"line":82,"column":43},"skip":true},"18":{"start":{"line":83,"column":24},"end":{"line":83,"column":30},"skip":true},"19":{"start":{"line":85,"column":24},"end":{"line":85,"column":49},"skip":true},"20":{"start":{"line":89,"column":12},"end":{"line":107,"column":13},"skip":true},"21":{"start":{"line":92,"column":16},"end":{"line":102,"column":17},"skip":true},"22":{"start":{"line":93,"column":20},"end":{"line":93,"column":86},"skip":true},"23":{"start":{"line":94,"column":20},"end":{"line":95,"column":45},"skip":true},"24":{"start":{"line":96,"column":20},"end":{"line":96,"column":42},"skip":true},"25":{"start":{"line":97,"column":20},"end":{"line":97,"column":48},"skip":true},"26":{"start":{"line":100,"column":20},"end":{"line":100,"column":85},"skip":true},"27":{"start":{"line":101,"column":20},"end":{"line":101,"column":96},"skip":true},"28":{"start":{"line":103,"column":16},"end":{"line":103,"column":22},"skip":true},"29":{"start":{"line":106,"column":16},"end":{"line":106,"column":22},"skip":true},"30":{"start":{"line":108,"column":12},"end":{"line":120,"column":13},"skip":true},"31":{"start":{"line":114,"column":16},"end":{"line":119,"column":17},"skip":true},"32":{"start":{"line":116,"column":20},"end":{"line":116,"column":78},"skip":true},"33":{"start":{"line":118,"column":20},"end":{"line":118,"column":47},"skip":true},"34":{"start":{"line":123,"column":8},"end":{"line":141,"column":11},"skip":true},"35":{"start":{"line":124,"column":12},"end":{"line":124,"column":54},"skip":true},"36":{"start":{"line":125,"column":12},"end":{"line":140,"column":14},"skip":true},"37":{"start":{"line":126,"column":16},"end":{"line":126,"column":28},"skip":true},"38":{"start":{"line":127,"column":16},"end":{"line":127,"column":69},"skip":true},"39":{"start":{"line":128,"column":16},"end":{"line":128,"column":75},"skip":true},"40":{"start":{"line":129,"column":16},"end":{"line":131,"column":17},"skip":true},"41":{"start":{"line":130,"column":20},"end":{"line":130,"column":27},"skip":true},"42":{"start":{"line":133,"column":16},"end":{"line":137,"column":36},"skip":true},"43":{"start":{"line":134,"column":20},"end":{"line":136,"column":55},"skip":true},"44":{"start":{"line":139,"column":16},"end":{"line":139,"column":57},"skip":true},"45":{"start":{"line":143,"column":8},"end":{"line":147,"column":11},"skip":true},"46":{"start":{"line":144,"column":12},"end":{"line":146,"column":15},"skip":true},"47":{"start":{"line":145,"column":16},"end":{"line":145,"column":70},"skip":true},"48":{"start":{"line":149,"column":8},"end":{"line":149,"column":31},"skip":true},"49":{"start":{"line":150,"column":8},"end":{"line":150,"column":14},"skip":true},"50":{"start":{"line":158,"column":8},"end":{"line":158,"column":31},"skip":true},"51":{"start":{"line":160,"column":8},"end":{"line":160,"column":33},"skip":true},"52":{"start":{"line":161,"column":8},"end":{"line":161,"column":37},"skip":true},"53":{"start":{"line":162,"column":8},"end":{"line":162,"column":35},"skip":true},"54":{"start":{"line":164,"column":8},"end":{"line":164,"column":50},"skip":true},"55":{"start":{"line":166,"column":8},"end":{"line":256,"column":2},"skip":true},"56":{"start":{"line":258,"column":8},"end":{"line":286,"column":9},"skip":true},"57":{"start":{"line":259,"column":12},"end":{"line":269,"column":14},"skip":true},"58":{"start":{"line":271,"column":12},"end":{"line":285,"column":19},"skip":true},"59":{"start":{"line":274,"column":20},"end":{"line":274,"column":35},"skip":true},"60":{"start":{"line":275,"column":20},"end":{"line":284,"column":21},"skip":true},"61":{"start":{"line":277,"column":24},"end":{"line":277,"column":64},"skip":true},"62":{"start":{"line":279,"column":24},"end":{"line":279,"column":40},"skip":true},"63":{"start":{"line":281,"column":24},"end":{"line":281,"column":40},"skip":true},"64":{"start":{"line":283,"column":24},"end":{"line":283,"column":39},"skip":true},"65":{"start":{"line":288,"column":8},"end":{"line":290,"column":9},"skip":true},"66":{"start":{"line":289,"column":12},"end":{"line":289,"column":18},"skip":true},"67":{"start":{"line":291,"column":8},"end":{"line":293,"column":54},"skip":true},"68":{"start":{"line":296,"column":8},"end":{"line":301,"column":37},"skip":true},"69":{"start":{"line":303,"column":8},"end":{"line":303,"column":82},"skip":true},"70":{"start":{"line":306,"column":8},"end":{"line":308,"column":9},"skip":true},"71":{"start":{"line":307,"column":12},"end":{"line":307,"column":82},"skip":true},"72":{"start":{"line":310,"column":8},"end":{"line":312,"column":9},"skip":true},"73":{"start":{"line":311,"column":12},"end":{"line":311,"column":18},"skip":true},"74":{"start":{"line":313,"column":8},"end":{"line":313,"column":54},"skip":true},"75":{"start":{"line":314,"column":8},"end":{"line":314,"column":69},"skip":true},"76":{"start":{"line":315,"column":8},"end":{"line":323,"column":36},"skip":true},"77":{"start":{"line":316,"column":12},"end":{"line":316,"column":61},"skip":true},"78":{"start":{"line":317,"column":12},"end":{"line":320,"column":13},"skip":true},"79":{"start":{"line":318,"column":16},"end":{"line":318,"column":75},"skip":true},"80":{"start":{"line":319,"column":16},"end":{"line":319,"column":23},"skip":true},"81":{"start":{"line":321,"column":12},"end":{"line":321,"column":38},"skip":true},"82":{"start":{"line":322,"column":12},"end":{"line":322,"column":27},"skip":true},"83":{"start":{"line":324,"column":8},"end":{"line":324,"column":14},"skip":true}},"branchMap":{"1":{"line":39,"type":"binary-expr","locations":[{"start":{"line":39,"column":23},"end":{"line":39,"column":62}},{"start":{"line":40,"column":20},"end":{"line":40,"column":70}},{"start":{"line":41,"column":20},"end":{"line":41,"column":71}},{"start":{"line":42,"column":20},"end":{"line":42,"column":29}}]},"2":{"line":44,"type":"binary-expr","locations":[{"start":{"line":44,"column":23},"end":{"line":44,"column":37}},{"start":{"line":45,"column":20},"end":{"line":45,"column":61}},{"start":{"line":46,"column":20},"end":{"line":46,"column":70}},{"start":{"line":47,"column":20},"end":{"line":47,"column":26}}]},"3":{"line":51,"type":"cond-expr","locations":[{"start":{"line":52,"column":14},"end":{"line":52,"column":20}},{"start":{"line":53,"column":14},"end":{"line":53,"column":20}}]},"4":{"line":55,"type":"binary-expr","locations":[{"start":{"line":55,"column":16},"end":{"line":55,"column":44}},{"start":{"line":55,"column":49},"end":{"line":57,"column":43}}]},"5":{"line":55,"type":"cond-expr","locations":[{"start":{"line":56,"column":14},"end":{"line":56,"column":58}},{"start":{"line":57,"column":14},"end":{"line":57,"column":43}}]},"6":{"line":61,"type":"switch","locations":[{"start":{"line":68,"column":4},"end":{"line":150,"column":14},"skip":true},{"start":{"line":156,"column":4},"end":{"line":324,"column":14},"skip":true}]},"7":{"line":70,"type":"if","locations":[{"start":{"line":70,"column":12},"end":{"line":70,"column":12},"skip":true},{"start":{"line":70,"column":12},"end":{"line":70,"column":12},"skip":true}]},"8":{"line":70,"type":"binary-expr","locations":[{"start":{"line":70,"column":16},"end":{"line":70,"column":22},"skip":true},{"start":{"line":70,"column":27},"end":{"line":70,"column":32},"skip":true},{"start":{"line":71,"column":20},"end":{"line":71,"column":39},"skip":true},{"start":{"line":72,"column":20},"end":{"line":72,"column":49},"skip":true},{"start":{"line":73,"column":20},"end":{"line":73,"column":58},"skip":true},{"start":{"line":74,"column":20},"end":{"line":74,"column":69},"skip":true}]},"9":{"line":79,"type":"switch","locations":[{"start":{"line":80,"column":20},"end":{"line":80,"column":33},"skip":true},{"start":{"line":81,"column":20},"end":{"line":83,"column":30},"skip":true},{"start":{"line":84,"column":20},"end":{"line":85,"column":49},"skip":true}]},"10":{"line":89,"type":"switch","locations":[{"start":{"line":90,"column":12},"end":{"line":103,"column":22},"skip":true},{"start":{"line":105,"column":12},"end":{"line":106,"column":22},"skip":true}]},"11":{"line":89,"type":"binary-expr","locations":[{"start":{"line":89,"column":20},"end":{"line":89,"column":25},"skip":true},{"start":{"line":89,"column":29},"end":{"line":89,"column":48},"skip":true},{"start":{"line":89,"column":52},"end":{"line":89,"column":74},"skip":true}]},"12":{"line":92,"type":"if","locations":[{"start":{"line":92,"column":16},"end":{"line":92,"column":16},"skip":true},{"start":{"line":92,"column":16},"end":{"line":92,"column":16},"skip":true}]},"13":{"line":108,"type":"if","locations":[{"start":{"line":108,"column":12},"end":{"line":108,"column":12},"skip":true},{"start":{"line":108,"column":12},"end":{"line":108,"column":12},"skip":true}]},"14":{"line":108,"type":"binary-expr","locations":[{"start":{"line":108,"column":16},"end":{"line":108,"column":61},"skip":true},{"start":{"line":108,"column":66},"end":{"line":108,"column":72},"skip":true},{"start":{"line":108,"column":77},"end":{"line":108,"column":82},"skip":true},{"start":{"line":109,"column":20},"end":{"line":109,"column":39},"skip":true},{"start":{"line":110,"column":20},"end":{"line":110,"column":49},"skip":true},{"start":{"line":111,"column":20},"end":{"line":111,"column":58},"skip":true},{"start":{"line":112,"column":20},"end":{"line":112,"column":68},"skip":true}]},"15":{"line":129,"type":"if","locations":[{"start":{"line":129,"column":16},"end":{"line":129,"column":16},"skip":true},{"start":{"line":129,"column":16},"end":{"line":129,"column":16},"skip":true}]},"16":{"line":134,"type":"cond-expr","locations":[{"start":{"line":135,"column":26},"end":{"line":135,"column":29},"skip":true},{"start":{"line":136,"column":26},"end":{"line":136,"column":54},"skip":true}]},"17":{"line":164,"type":"binary-expr","locations":[{"start":{"line":164,"column":27},"end":{"line":164,"column":43},"skip":true},{"start":{"line":164,"column":47},"end":{"line":164,"column":49},"skip":true}]},"18":{"line":258,"type":"if","locations":[{"start":{"line":258,"column":8},"end":{"line":258,"column":8},"skip":true},{"start":{"line":258,"column":8},"end":{"line":258,"column":8},"skip":true}]},"19":{"line":275,"type":"switch","locations":[{"start":{"line":276,"column":20},"end":{"line":277,"column":64},"skip":true},{"start":{"line":278,"column":20},"end":{"line":279,"column":40},"skip":true},{"start":{"line":280,"column":20},"end":{"line":281,"column":40},"skip":true},{"start":{"line":282,"column":20},"end":{"line":283,"column":39},"skip":true}]},"20":{"line":288,"type":"if","locations":[{"start":{"line":288,"column":8},"end":{"line":288,"column":8},"skip":true},{"start":{"line":288,"column":8},"end":{"line":288,"column":8},"skip":true}]},"21":{"line":288,"type":"binary-expr","locations":[{"start":{"line":288,"column":12},"end":{"line":288,"column":40},"skip":true},{"start":{"line":288,"column":44},"end":{"line":288,"column":67},"skip":true}]},"22":{"line":292,"type":"binary-expr","locations":[{"start":{"line":292,"column":12},"end":{"line":292,"column":50},"skip":true},{"start":{"line":293,"column":12},"end":{"line":293,"column":53},"skip":true}]},"23":{"line":297,"type":"binary-expr","locations":[{"start":{"line":297,"column":12},"end":{"line":297,"column":72},"skip":true},{"start":{"line":298,"column":12},"end":{"line":301,"column":36},"skip":true}]},"24":{"line":303,"type":"binary-expr","locations":[{"start":{"line":303,"column":43},"end":{"line":303,"column":75},"skip":true},{"start":{"line":303,"column":79},"end":{"line":303,"column":81},"skip":true}]},"25":{"line":306,"type":"if","locations":[{"start":{"line":306,"column":8},"end":{"line":306,"column":8},"skip":true},{"start":{"line":306,"column":8},"end":{"line":306,"column":8},"skip":true}]},"26":{"line":310,"type":"if","locations":[{"start":{"line":310,"column":8},"end":{"line":310,"column":8},"skip":true},{"start":{"line":310,"column":8},"end":{"line":310,"column":8},"skip":true}]},"27":{"line":313,"type":"binary-expr","locations":[{"start":{"line":313,"column":27},"end":{"line":313,"column":43},"skip":true},{"start":{"line":313,"column":47},"end":{"line":313,"column":53},"skip":true}]},"28":{"line":317,"type":"if","locations":[{"start":{"line":317,"column":12},"end":{"line":317,"column":12},"skip":true},{"start":{"line":317,"column":12},"end":{"line":317,"column":12},"skip":true}]}},"code":["/*","example.js","","quickstart example","","instruction","    1. save this script as example.js","    2. run the shell command:","        $ npm install npmtest-browserify-hmr && PORT=8081 node example.js","    3. play with the browser-demo on http://127.0.0.1:8081","*/","","","","/* istanbul instrument in package npmtest_browserify_hmr */","/*jslint","    bitwise: true,","    browser: true,","    maxerr: 8,","    maxlen: 96,","    node: true,","    nomen: true,","    regexp: true,","    stupid: true","*/","(function () {","    'use strict';","    var local;","","","","    // run shared js-env code - init-before","    (function () {","        // init local","        local = {};","        // init modeJs","        local.modeJs = (function () {","            try {","                return typeof navigator.userAgent === 'string' &&","                    typeof document.querySelector('body') === 'object' &&","                    typeof XMLHttpRequest.prototype.open === 'function' &&","                    'browser';","            } catch (errorCaughtBrowser) {","                return module.exports &&","                    typeof process.versions.node === 'string' &&","                    typeof require('http').createServer === 'function' &&","                    'node';","            }","        }());","        // init global","        local.global = local.modeJs === 'browser'","            ? window","            : global;","        // init utility2_rollup","        local = local.global.utility2_rollup || (local.modeJs === 'browser'","            ? local.global.utility2_npmtest_browserify_hmr","            : global.utility2_moduleExports);","        // export local","        local.global.local = local;","    }());","    switch (local.modeJs) {","","","","    // init-after","    // run browser js-env code - init-after","    /* istanbul ignore next */","    case 'browser':","        local.testRunBrowser = function (event) {","            if (!event || (event &&","                    event.currentTarget &&","                    event.currentTarget.className &&","                    event.currentTarget.className.includes &&","                    event.currentTarget.className.includes('onreset'))) {","                // reset output","                Array.from(","                    document.querySelectorAll('body > .resettable')","                ).forEach(function (element) {","                    switch (element.tagName) {","                    case 'INPUT':","                    case 'TEXTAREA':","                        element.value = '';","                        break;","                    default:","                        element.textContent = '';","                    }","                });","            }","            switch (event && event.currentTarget && event.currentTarget.id) {","            case 'testRunButton1':","                // show tests","                if (document.querySelector('#testReportDiv1').style.display === 'none') {","                    document.querySelector('#testReportDiv1').style.display = 'block';","                    document.querySelector('#testRunButton1').textContent =","                        'hide internal test';","                    local.modeTest = true;","                    local.testRunDefault(local);","                // hide tests","                } else {","                    document.querySelector('#testReportDiv1').style.display = 'none';","                    document.querySelector('#testRunButton1').textContent = 'run internal test';","                }","                break;","            // custom-case","            default:","                break;","            }","            if (document.querySelector('#inputTextareaEval1') && (!event || (event &&","                    event.currentTarget &&","                    event.currentTarget.className &&","                    event.currentTarget.className.includes &&","                    event.currentTarget.className.includes('oneval')))) {","                // try to eval input-code","                try {","                    /*jslint evil: true*/","                    eval(document.querySelector('#inputTextareaEval1').value);","                } catch (errorCaught) {","                    console.error(errorCaught);","                }","            }","        };","        // log stderr and stdout to #outputTextareaStdout1","        ['error', 'log'].forEach(function (key) {","            console[key + '_original'] = console[key];","            console[key] = function () {","                var element;","                console[key + '_original'].apply(console, arguments);","                element = document.querySelector('#outputTextareaStdout1');","                if (!element) {","                    return;","                }","                // append text to #outputTextareaStdout1","                element.value += Array.from(arguments).map(function (arg) {","                    return typeof arg === 'string'","                        ? arg","                        : JSON.stringify(arg, null, 4);","                }).join(' ') + '\\n';","                // scroll textarea to bottom","                element.scrollTop = element.scrollHeight;","            };","        });","        // init event-handling","        ['change', 'click', 'keyup'].forEach(function (event) {","            Array.from(document.querySelectorAll('.on' + event)).forEach(function (element) {","                element.addEventListener(event, local.testRunBrowser);","            });","        });","        // run tests","        local.testRunBrowser();","        break;","","","","    // run node js-env code - init-after","    /* istanbul ignore next */","    case 'node':","        // export local","        module.exports = local;","        // require modules","        local.fs = require('fs');","        local.http = require('http');","        local.url = require('url');","        // init assets","        local.assetsDict = local.assetsDict || {};","        /* jslint-ignore-begin */","        local.assetsDict['/assets.index.template.html'] = '\\","<!doctype html>\\n\\","<html lang=\"en\">\\n\\","<head>\\n\\","<meta charset=\"UTF-8\">\\n\\","<meta name=\"viewport\" content=\"width=device-width, initial-scale=1\">\\n\\","<title>{{env.npm_package_name}} (v{{env.npm_package_version}})</title>\\n\\","<style>\\n\\","/*csslint\\n\\","    box-sizing: false,\\n\\","    universal-selector: false\\n\\","*/\\n\\","* {\\n\\","    box-sizing: border-box;\\n\\","}\\n\\","body {\\n\\","    background: #dde;\\n\\","    font-family: Arial, Helvetica, sans-serif;\\n\\","    margin: 2rem;\\n\\","}\\n\\","body > * {\\n\\","    margin-bottom: 1rem;\\n\\","}\\n\\",".utility2FooterDiv {\\n\\","    margin-top: 20px;\\n\\","    text-align: center;\\n\\","}\\n\\","</style>\\n\\","<style>\\n\\","/*csslint\\n\\","*/\\n\\","textarea {\\n\\","    font-family: monospace;\\n\\","    height: 10rem;\\n\\","    width: 100%;\\n\\","}\\n\\","textarea[readonly] {\\n\\","    background: #ddd;\\n\\","}\\n\\","</style>\\n\\","</head>\\n\\","<body>\\n\\","<!-- utility2-comment\\n\\","<div id=\"ajaxProgressDiv1\" style=\"background: #d00; height: 2px; left: 0; margin: 0; padding: 0; position: fixed; top: 0; transition: background 0.5s, width 1.5s; width: 25%;\"></div>\\n\\","utility2-comment -->\\n\\","<h1>\\n\\","<!-- utility2-comment\\n\\","    <a\\n\\","        {{#if env.npm_package_homepage}}\\n\\","        href=\"{{env.npm_package_homepage}}\"\\n\\","        {{/if env.npm_package_homepage}}\\n\\","        target=\"_blank\"\\n\\","    >\\n\\","utility2-comment -->\\n\\","        {{env.npm_package_name}} (v{{env.npm_package_version}})\\n\\","<!-- utility2-comment\\n\\","    </a>\\n\\","utility2-comment -->\\n\\","</h1>\\n\\","<h3>{{env.npm_package_description}}</h3>\\n\\","<!-- utility2-comment\\n\\","<h4><a download href=\"assets.app.js\">download standalone app</a></h4>\\n\\","<button class=\"onclick onreset\" id=\"testRunButton1\">run internal test</button><br>\\n\\","<div id=\"testReportDiv1\" style=\"display: none;\"></div>\\n\\","utility2-comment -->\\n\\","\\n\\","\\n\\","\\n\\","<label>stderr and stdout</label>\\n\\","<textarea class=\"resettable\" id=\"outputTextareaStdout1\" readonly></textarea>\\n\\","<!-- utility2-comment\\n\\","{{#if isRollup}}\\n\\","<script src=\"assets.app.js\"></script>\\n\\","{{#unless isRollup}}\\n\\","utility2-comment -->\\n\\","<script src=\"assets.utility2.rollup.js\"></script>\\n\\","<script src=\"jsonp.utility2._stateInit?callback=window.utility2._stateInit\"></script>\\n\\","<script src=\"assets.npmtest_browserify_hmr.rollup.js\"></script>\\n\\","<script src=\"assets.example.js\"></script>\\n\\","<script src=\"assets.test.js\"></script>\\n\\","<!-- utility2-comment\\n\\","{{/if isRollup}}\\n\\","utility2-comment -->\\n\\","<div class=\"utility2FooterDiv\">\\n\\","    [ this app was created with\\n\\","    <a href=\"https://github.com/kaizhu256/node-utility2\" target=\"_blank\">utility2</a>\\n\\","    ]\\n\\","</div>\\n\\","</body>\\n\\","</html>\\n\\","';","        /* jslint-ignore-end */","        if (local.templateRender) {","            local.assetsDict['/'] = local.templateRender(","                local.assetsDict['/assets.index.template.html'],","                {","                    env: local.objectSetDefault(local.env, {","                        npm_package_description: 'the greatest app in the world!',","                        npm_package_name: 'my-app',","                        npm_package_nameAlias: 'my_app',","                        npm_package_version: '0.0.1'","                    })","                }","            );","        } else {","            local.assetsDict['/'] = local.assetsDict['/assets.index.template.html']","                .replace((/\\{\\{env\\.(\\w+?)\\}\\}/g), function (match0, match1) {","                    // jslint-hack","                    String(match0);","                    switch (match1) {","                    case 'npm_package_description':","                        return 'the greatest app in the world!';","                    case 'npm_package_name':","                        return 'my-app';","                    case 'npm_package_nameAlias':","                        return 'my_app';","                    case 'npm_package_version':","                        return '0.0.1';","                    }","                });","        }","        // run the cli","        if (local.global.utility2_rollup || module !== require.main) {","            break;","        }","        local.assetsDict['/assets.example.js'] =","            local.assetsDict['/assets.example.js'] ||","            local.fs.readFileSync(__filename, 'utf8');","        // bug-workaround - long $npm_package_buildCustomOrg","        /* jslint-ignore-begin */","        local.assetsDict['/assets.npmtest_browserify_hmr.rollup.js'] =","            local.assetsDict['/assets.npmtest_browserify_hmr.rollup.js'] ||","            local.fs.readFileSync(","                local.npmtest_browserify_hmr.__dirname + '/lib.npmtest_browserify_hmr.js',","                'utf8'","            ).replace((/^#!/), '//');","        /* jslint-ignore-end */","        local.assetsDict['/favicon.ico'] = local.assetsDict['/favicon.ico'] || '';","        // if $npm_config_timeout_exit exists,","        // then exit this process after $npm_config_timeout_exit ms","        if (Number(process.env.npm_config_timeout_exit)) {","            setTimeout(process.exit, Number(process.env.npm_config_timeout_exit));","        }","        // start server","        if (local.global.utility2_serverHttp1) {","            break;","        }","        process.env.PORT = process.env.PORT || '8081';","        console.error('server starting on port ' + process.env.PORT);","        local.http.createServer(function (request, response) {","            request.urlParsed = local.url.parse(request.url);","            if (local.assetsDict[request.urlParsed.pathname] !== undefined) {","                response.end(local.assetsDict[request.urlParsed.pathname]);","                return;","            }","            response.statusCode = 404;","            response.end();","        }).listen(process.env.PORT);","        break;","    }","}());",""],"l":{"26":2,"28":2,"33":2,"35":2,"37":2,"38":2,"39":2,"44":1,"51":2,"55":2,"59":2,"61":2,"69":1,"70":2,"76":2,"79":2,"82":2,"83":2,"85":1,"89":2,"92":1,"93":1,"94":1,"96":1,"97":1,"100":1,"101":1,"103":1,"106":1,"108":2,"114":1,"116":1,"118":1,"123":1,"124":2,"125":2,"126":3,"127":3,"128":3,"129":3,"130":1,"133":3,"134":3,"139":3,"143":1,"144":3,"145":1,"149":1,"150":1,"158":1,"160":1,"161":1,"162":1,"164":1,"166":1,"258":1,"259":1,"271":1,"274":6,"275":6,"277":1,"279":2,"281":1,"283":2,"288":1,"289":1,"291":1,"296":1,"303":1,"306":1,"307":1,"310":1,"311":1,"313":1,"314":1,"315":1,"316":1,"317":1,"318":1,"319":1,"321":1,"322":1,"324":1}},"/home/travis/build/npmtest/node-npmtest-browserify-hmr/node_modules/browserify-hmr/index.js":{"path":"/home/travis/build/npmtest/node-npmtest-browserify-hmr/node_modules/browserify-hmr/index.js","s":{"1":1,"2":1,"3":1,"4":1,"5":1,"6":1,"7":1,"8":1,"9":1,"10":1,"11":1,"12":1,"13":1,"14":1,"15":1,"16":0,"17":0,"18":0,"19":1,"20":0,"21":1,"22":1,"23":1,"24":0,"25":0,"26":0,"27":0,"28":0,"29":1,"30":0,"31":1,"32":0,"33":1,"34":0,"35":0,"36":0,"37":0,"38":0,"39":0,"40":0,"41":0,"42":0,"43":0,"44":0,"45":0,"46":0,"47":0,"48":0,"49":0,"50":0,"51":0,"52":0,"53":0,"54":0,"55":0,"56":0,"57":0,"58":0,"59":0,"60":0,"61":0,"62":0,"63":0,"64":0,"65":0,"66":0,"67":1,"68":0,"69":0,"70":0,"71":0,"72":0,"73":0,"74":0,"75":0,"76":0,"77":0,"78":0,"79":0,"80":0,"81":0,"82":0,"83":0,"84":0,"85":0,"86":0,"87":0,"88":0,"89":0,"90":0,"91":0,"92":0,"93":0,"94":0,"95":0,"96":0,"97":0,"98":0,"99":0,"100":0,"101":0,"102":1,"103":0,"104":0,"105":0,"106":0,"107":0,"108":0,"109":0,"110":0,"111":0,"112":0,"113":0,"114":0,"115":0,"116":0,"117":0,"118":1,"119":0,"120":0,"121":0,"122":1,"123":0,"124":0,"125":0,"126":0,"127":0,"128":0,"129":0,"130":0,"131":0,"132":0,"133":0,"134":0,"135":1,"136":0,"137":0,"138":0,"139":0,"140":0,"141":0,"142":0,"143":0,"144":0,"145":0,"146":0,"147":0,"148":0,"149":0,"150":0,"151":0,"152":0,"153":0,"154":0,"155":0,"156":0,"157":0,"158":0,"159":0,"160":0,"161":0,"162":0,"163":0,"164":0,"165":0,"166":0,"167":0,"168":0,"169":0,"170":0,"171":0,"172":0,"173":0,"174":0,"175":0,"176":0,"177":0,"178":0,"179":0,"180":0,"181":0,"182":0,"183":0,"184":0,"185":0,"186":0,"187":0,"188":0,"189":0,"190":0,"191":0,"192":0,"193":0,"194":0,"195":0,"196":0},"b":{"1":[0,0],"2":[0,0],"3":[0,0],"4":[0,0],"5":[0,0],"6":[0,0],"7":[0,0,0,0],"8":[0,0],"9":[0,0],"10":[0,0],"11":[0,0],"12":[0,0],"13":[0,0],"14":[0,0],"15":[0,0],"16":[0,0],"17":[0,0],"18":[0,0],"19":[0,0],"20":[0,0],"21":[0,0],"22":[0,0],"23":[0,0],"24":[0,0],"25":[0,0],"26":[0,0],"27":[0,0],"28":[0,0],"29":[0,0],"30":[0,0],"31":[0,0],"32":[0,0],"33":[0,0],"34":[0,0]},"f":{"1":0,"2":0,"3":0,"4":0,"5":0,"6":0,"7":0,"8":0,"9":0,"10":0,"11":0,"12":0,"13":0,"14":0,"15":0,"16":0,"17":0,"18":0,"19":0,"20":0,"21":0,"22":0,"23":0,"24":0,"25":0,"26":0,"27":0,"28":0,"29":0,"30":0,"31":0,"32":0,"33":0,"34":0,"35":0,"36":0,"37":0,"38":0,"39":0,"40":0,"41":0,"42":0,"43":0},"fnMap":{"1":{"name":"hashStr","line":18,"loc":{"start":{"line":18,"column":0},"end":{"line":18,"column":22}}},"2":{"name":"(anonymous_2)","line":24,"loc":{"start":{"line":24,"column":33},"end":{"line":24,"column":44}}},"3":{"name":"makeIdentitySourceMap","line":31,"loc":{"start":{"line":31,"column":0},"end":{"line":31,"column":54}}},"4":{"name":"(anonymous_4)","line":34,"loc":{"start":{"line":34,"column":26},"end":{"line":34,"column":48}}},"5":{"name":"readOpt","line":50,"loc":{"start":{"line":50,"column":0},"end":{"line":50,"column":44}}},"6":{"name":"boolOpt","line":54,"loc":{"start":{"line":54,"column":0},"end":{"line":54,"column":24}}},"7":{"name":"(anonymous_7)","line":58,"loc":{"start":{"line":58,"column":17},"end":{"line":58,"column":40}}},"8":{"name":"(anonymous_8)","line":82,"loc":{"start":{"line":82,"column":23},"end":{"line":82,"column":44}}},"9":{"name":"sendToServer","line":103,"loc":{"start":{"line":103,"column":2},"end":{"line":103,"column":30}}},"10":{"name":"(anonymous_10)","line":104,"loc":{"start":{"line":104,"column":28},"end":{"line":104,"column":54}}},"11":{"name":"(anonymous_11)","line":105,"loc":{"start":{"line":105,"column":50},"end":{"line":105,"column":64}}},"12":{"name":"(anonymous_12)","line":107,"loc":{"start":{"line":107,"column":36},"end":{"line":107,"column":50}}},"13":{"name":"(anonymous_13)","line":114,"loc":{"start":{"line":114,"column":25},"end":{"line":114,"column":36}}},"14":{"name":"(anonymous_14)","line":128,"loc":{"start":{"line":128,"column":29},"end":{"line":128,"column":44}}},"15":{"name":"(anonymous_15)","line":137,"loc":{"start":{"line":137,"column":33},"end":{"line":137,"column":44}}},"16":{"name":"(anonymous_16)","line":140,"loc":{"start":{"line":140,"column":28},"end":{"line":140,"column":54}}},"17":{"name":"(anonymous_17)","line":143,"loc":{"start":{"line":143,"column":50},"end":{"line":143,"column":65}}},"18":{"name":"(anonymous_18)","line":149,"loc":{"start":{"line":149,"column":49},"end":{"line":149,"column":64}}},"19":{"name":"(anonymous_19)","line":159,"loc":{"start":{"line":159,"column":12},"end":{"line":159,"column":22}}},"20":{"name":"setNewModuleData","line":171,"loc":{"start":{"line":171,"column":2},"end":{"line":171,"column":40}}},"21":{"name":"(anonymous_21)","line":175,"loc":{"start":{"line":175,"column":28},"end":{"line":175,"column":39}}},"22":{"name":"(anonymous_22)","line":178,"loc":{"start":{"line":178,"column":16},"end":{"line":178,"column":31}}},"23":{"name":"(anonymous_23)","line":181,"loc":{"start":{"line":181,"column":13},"end":{"line":181,"column":28}}},"24":{"name":"(anonymous_24)","line":194,"loc":{"start":{"line":194,"column":16},"end":{"line":194,"column":31}}},"25":{"name":"(anonymous_25)","line":202,"loc":{"start":{"line":202,"column":43},"end":{"line":202,"column":54}}},"26":{"name":"(anonymous_26)","line":206,"loc":{"start":{"line":206,"column":49},"end":{"line":206,"column":73}}},"27":{"name":"(anonymous_27)","line":207,"loc":{"start":{"line":207,"column":30},"end":{"line":207,"column":41}}},"28":{"name":"(anonymous_28)","line":214,"loc":{"start":{"line":214,"column":40},"end":{"line":214,"column":51}}},"29":{"name":"(anonymous_29)","line":220,"loc":{"start":{"line":220,"column":14},"end":{"line":220,"column":25}}},"30":{"name":"fileKey","line":227,"loc":{"start":{"line":227,"column":2},"end":{"line":227,"column":29}}},"31":{"name":"setupPipelineMods","line":236,"loc":{"start":{"line":236,"column":2},"end":{"line":236,"column":31}}},"32":{"name":"(anonymous_32)","line":238,"loc":{"start":{"line":238,"column":51},"end":{"line":238,"column":76}}},"33":{"name":"(anonymous_33)","line":245,"loc":{"start":{"line":245,"column":7},"end":{"line":245,"column":22}}},"34":{"name":"(anonymous_34)","line":246,"loc":{"start":{"line":246,"column":82},"end":{"line":246,"column":97}}},"35":{"name":"makeModuleMetaEntry","line":267,"loc":{"start":{"line":267,"column":4},"end":{"line":267,"column":39}}},"36":{"name":"(anonymous_36)","line":277,"loc":{"start":{"line":277,"column":49},"end":{"line":277,"column":74}}},"37":{"name":"(anonymous_37)","line":280,"loc":{"start":{"line":280,"column":27},"end":{"line":280,"column":47}}},"38":{"name":"(anonymous_38)","line":302,"loc":{"start":{"line":302,"column":50},"end":{"line":302,"column":75}}},"39":{"name":"(anonymous_39)","line":320,"loc":{"start":{"line":320,"column":18},"end":{"line":320,"column":29}}},"40":{"name":"(anonymous_40)","line":368,"loc":{"start":{"line":368,"column":7},"end":{"line":368,"column":22}}},"41":{"name":"(anonymous_41)","line":372,"loc":{"start":{"line":372,"column":40},"end":{"line":372,"column":51}}},"42":{"name":"(anonymous_42)","line":374,"loc":{"start":{"line":374,"column":14},"end":{"line":374,"column":36}}},"43":{"name":"(anonymous_43)","line":375,"loc":{"start":{"line":375,"column":26},"end":{"line":375,"column":42}}}},"statementMap":{"1":{"start":{"line":3,"column":0},"end":{"line":3,"column":27}},"2":{"start":{"line":4,"column":0},"end":{"line":4,"column":37}},"3":{"start":{"line":5,"column":0},"end":{"line":5,"column":34}},"4":{"start":{"line":6,"column":0},"end":{"line":6,"column":44}},"5":{"start":{"line":7,"column":0},"end":{"line":7,"column":50}},"6":{"start":{"line":8,"column":0},"end":{"line":8,"column":31}},"7":{"start":{"line":9,"column":0},"end":{"line":9,"column":31}},"8":{"start":{"line":10,"column":0},"end":{"line":10,"column":23}},"9":{"start":{"line":11,"column":0},"end":{"line":11,"column":26}},"10":{"start":{"line":12,"column":0},"end":{"line":12,"column":27}},"11":{"start":{"line":13,"column":0},"end":{"line":13,"column":43}},"12":{"start":{"line":14,"column":0},"end":{"line":14,"column":31}},"13":{"start":{"line":15,"column":0},"end":{"line":15,"column":35}},"14":{"start":{"line":16,"column":0},"end":{"line":16,"column":31}},"15":{"start":{"line":18,"column":0},"end":{"line":22,"column":1}},"16":{"start":{"line":19,"column":2},"end":{"line":19,"column":43}},"17":{"start":{"line":20,"column":2},"end":{"line":20,"column":21}},"18":{"start":{"line":21,"column":2},"end":{"line":21,"column":46}},"19":{"start":{"line":24,"column":0},"end":{"line":26,"column":3}},"20":{"start":{"line":25,"column":2},"end":{"line":25,"column":75}},"21":{"start":{"line":28,"column":0},"end":{"line":28,"column":59}},"22":{"start":{"line":29,"column":0},"end":{"line":29,"column":37}},"23":{"start":{"line":31,"column":0},"end":{"line":48,"column":1}},"24":{"start":{"line":32,"column":2},"end":{"line":32,"column":40}},"25":{"start":{"line":33,"column":2},"end":{"line":33,"column":46}},"26":{"start":{"line":34,"column":2},"end":{"line":46,"column":5}},"27":{"start":{"line":35,"column":4},"end":{"line":45,"column":7}},"28":{"start":{"line":47,"column":2},"end":{"line":47,"column":22}},"29":{"start":{"line":50,"column":0},"end":{"line":52,"column":1}},"30":{"start":{"line":51,"column":2},"end":{"line":51,"column":91}},"31":{"start":{"line":54,"column":0},"end":{"line":56,"column":1}},"32":{"start":{"line":55,"column":2},"end":{"line":55,"column":45}},"33":{"start":{"line":58,"column":0},"end":{"line":398,"column":2}},"34":{"start":{"line":59,"column":2},"end":{"line":59,"column":23}},"35":{"start":{"line":59,"column":13},"end":{"line":59,"column":23}},"36":{"start":{"line":60,"column":2},"end":{"line":60,"column":59}},"37":{"start":{"line":61,"column":2},"end":{"line":64,"column":3}},"38":{"start":{"line":62,"column":4},"end":{"line":62,"column":61}},"39":{"start":{"line":63,"column":4},"end":{"line":63,"column":24}},"40":{"start":{"line":65,"column":2},"end":{"line":65,"column":50}},"41":{"start":{"line":66,"column":2},"end":{"line":66,"column":46}},"42":{"start":{"line":67,"column":2},"end":{"line":67,"column":61}},"43":{"start":{"line":68,"column":2},"end":{"line":68,"column":72}},"44":{"start":{"line":69,"column":2},"end":{"line":69,"column":70}},"45":{"start":{"line":70,"column":2},"end":{"line":70,"column":49}},"46":{"start":{"line":71,"column":2},"end":{"line":71,"column":47}},"47":{"start":{"line":72,"column":2},"end":{"line":72,"column":35}},"48":{"start":{"line":73,"column":2},"end":{"line":73,"column":91}},"49":{"start":{"line":74,"column":2},"end":{"line":74,"column":63}},"50":{"start":{"line":75,"column":2},"end":{"line":75,"column":80}},"51":{"start":{"line":77,"column":2},"end":{"line":77,"column":74}},"52":{"start":{"line":78,"column":2},"end":{"line":78,"column":30}},"53":{"start":{"line":80,"column":2},"end":{"line":80,"column":67}},"54":{"start":{"line":82,"column":2},"end":{"line":86,"column":5}},"55":{"start":{"line":83,"column":4},"end":{"line":85,"column":5}},"56":{"start":{"line":84,"column":6},"end":{"line":84,"column":50}},"57":{"start":{"line":87,"column":2},"end":{"line":89,"column":3}},"58":{"start":{"line":88,"column":4},"end":{"line":88,"column":76}},"59":{"start":{"line":91,"column":2},"end":{"line":91,"column":76}},"60":{"start":{"line":93,"column":2},"end":{"line":93,"column":21}},"61":{"start":{"line":94,"column":2},"end":{"line":96,"column":3}},"62":{"start":{"line":95,"column":4},"end":{"line":95,"column":79}},"63":{"start":{"line":98,"column":2},"end":{"line":98,"column":79}},"64":{"start":{"line":100,"column":2},"end":{"line":100,"column":13}},"65":{"start":{"line":101,"column":2},"end":{"line":101,"column":26}},"66":{"start":{"line":102,"column":2},"end":{"line":102,"column":39}},"67":{"start":{"line":103,"column":2},"end":{"line":113,"column":3}},"68":{"start":{"line":104,"column":4},"end":{"line":112,"column":7}},"69":{"start":{"line":105,"column":6},"end":{"line":111,"column":9}},"70":{"start":{"line":106,"column":8},"end":{"line":106,"column":36}},"71":{"start":{"line":106,"column":17},"end":{"line":106,"column":36}},"72":{"start":{"line":107,"column":8},"end":{"line":110,"column":11}},"73":{"start":{"line":108,"column":10},"end":{"line":108,"column":38}},"74":{"start":{"line":108,"column":19},"end":{"line":108,"column":38}},"75":{"start":{"line":109,"column":10},"end":{"line":109,"column":20}},"76":{"start":{"line":114,"column":2},"end":{"line":167,"column":5}},"77":{"start":{"line":118,"column":4},"end":{"line":122,"column":6}},"78":{"start":{"line":123,"column":4},"end":{"line":127,"column":7}},"79":{"start":{"line":128,"column":4},"end":{"line":136,"column":7}},"80":{"start":{"line":129,"column":6},"end":{"line":129,"column":33}},"81":{"start":{"line":130,"column":6},"end":{"line":135,"column":7}},"82":{"start":{"line":131,"column":8},"end":{"line":131,"column":36}},"83":{"start":{"line":132,"column":8},"end":{"line":132,"column":41}},"84":{"start":{"line":134,"column":8},"end":{"line":134,"column":82}},"85":{"start":{"line":137,"column":4},"end":{"line":139,"column":7}},"86":{"start":{"line":138,"column":6},"end":{"line":138,"column":85}},"87":{"start":{"line":140,"column":4},"end":{"line":166,"column":7}},"88":{"start":{"line":141,"column":6},"end":{"line":141,"column":24}},"89":{"start":{"line":142,"column":6},"end":{"line":147,"column":7}},"90":{"start":{"line":143,"column":8},"end":{"line":146,"column":12}},"91":{"start":{"line":144,"column":10},"end":{"line":144,"column":40}},"92":{"start":{"line":145,"column":10},"end":{"line":145,"column":33}},"93":{"start":{"line":148,"column":6},"end":{"line":153,"column":7}},"94":{"start":{"line":149,"column":8},"end":{"line":152,"column":12}},"95":{"start":{"line":150,"column":10},"end":{"line":150,"column":40}},"96":{"start":{"line":151,"column":10},"end":{"line":151,"column":32}},"97":{"start":{"line":154,"column":6},"end":{"line":158,"column":7}},"98":{"start":{"line":155,"column":8},"end":{"line":155,"column":44}},"99":{"start":{"line":157,"column":8},"end":{"line":157,"column":18}},"100":{"start":{"line":160,"column":6},"end":{"line":165,"column":9}},"101":{"start":{"line":169,"column":2},"end":{"line":169,"column":29}},"102":{"start":{"line":171,"column":2},"end":{"line":225,"column":3}},"103":{"start":{"line":172,"column":4},"end":{"line":174,"column":5}},"104":{"start":{"line":173,"column":6},"end":{"line":173,"column":36}},"105":{"start":{"line":175,"column":4},"end":{"line":224,"column":7}},"106":{"start":{"line":176,"column":6},"end":{"line":191,"column":17}},"107":{"start":{"line":179,"column":10},"end":{"line":179,"column":31}},"108":{"start":{"line":182,"column":10},"end":{"line":188,"column":13}},"109":{"start":{"line":192,"column":6},"end":{"line":197,"column":17}},"110":{"start":{"line":195,"column":10},"end":{"line":195,"column":40}},"111":{"start":{"line":198,"column":6},"end":{"line":198,"column":37}},"112":{"start":{"line":202,"column":6},"end":{"line":223,"column":9}},"113":{"start":{"line":206,"column":8},"end":{"line":219,"column":11}},"114":{"start":{"line":207,"column":10},"end":{"line":213,"column":13}},"115":{"start":{"line":208,"column":12},"end":{"line":212,"column":15}},"116":{"start":{"line":215,"column":10},"end":{"line":218,"column":13}},"117":{"start":{"line":222,"column":8},"end":{"line":222,"column":41}},"118":{"start":{"line":227,"column":2},"end":{"line":229,"column":3}},"119":{"start":{"line":228,"column":4},"end":{"line":228,"column":44}},"120":{"start":{"line":231,"column":2},"end":{"line":231,"column":25}},"121":{"start":{"line":234,"column":2},"end":{"line":234,"column":26}},"122":{"start":{"line":236,"column":2},"end":{"line":393,"column":3}},"123":{"start":{"line":237,"column":4},"end":{"line":237,"column":29}},"124":{"start":{"line":238,"column":4},"end":{"line":263,"column":8}},"125":{"start":{"line":239,"column":6},"end":{"line":244,"column":7}},"126":{"start":{"line":240,"column":8},"end":{"line":240,"column":39}},"127":{"start":{"line":241,"column":8},"end":{"line":241,"column":19}},"128":{"start":{"line":243,"column":8},"end":{"line":243,"column":24}},"129":{"start":{"line":246,"column":6},"end":{"line":248,"column":18}},"130":{"start":{"line":247,"column":8},"end":{"line":247,"column":54}},"131":{"start":{"line":252,"column":6},"end":{"line":252,"column":66}},"132":{"start":{"line":253,"column":6},"end":{"line":261,"column":9}},"133":{"start":{"line":262,"column":6},"end":{"line":262,"column":13}},"134":{"start":{"line":265,"column":4},"end":{"line":265,"column":24}},"135":{"start":{"line":267,"column":4},"end":{"line":275,"column":5}},"136":{"start":{"line":268,"column":6},"end":{"line":274,"column":7}},"137":{"start":{"line":269,"column":8},"end":{"line":273,"column":10}},"138":{"start":{"line":277,"column":4},"end":{"line":289,"column":8}},"139":{"start":{"line":278,"column":6},"end":{"line":287,"column":7}},"140":{"start":{"line":279,"column":8},"end":{"line":279,"column":47}},"141":{"start":{"line":280,"column":8},"end":{"line":286,"column":11}},"142":{"start":{"line":282,"column":10},"end":{"line":285,"column":11}},"143":{"start":{"line":283,"column":12},"end":{"line":283,"column":47}},"144":{"start":{"line":284,"column":12},"end":{"line":284,"column":70}},"145":{"start":{"line":288,"column":6},"end":{"line":288,"column":22}},"146":{"start":{"line":291,"column":4},"end":{"line":291,"column":24}},"147":{"start":{"line":292,"column":4},"end":{"line":292,"column":31}},"148":{"start":{"line":293,"column":4},"end":{"line":293,"column":26}},"149":{"start":{"line":294,"column":4},"end":{"line":294,"column":23}},"150":{"start":{"line":296,"column":4},"end":{"line":298,"column":5}},"151":{"start":{"line":297,"column":6},"end":{"line":297,"column":101}},"152":{"start":{"line":300,"column":4},"end":{"line":300,"column":55}},"153":{"start":{"line":302,"column":4},"end":{"line":392,"column":8}},"154":{"start":{"line":303,"column":6},"end":{"line":367,"column":7}},"155":{"start":{"line":304,"column":8},"end":{"line":304,"column":25}},"156":{"start":{"line":305,"column":8},"end":{"line":305,"column":19}},"157":{"start":{"line":308,"column":8},"end":{"line":308,"column":85}},"158":{"start":{"line":310,"column":8},"end":{"line":310,"column":76}},"159":{"start":{"line":311,"column":8},"end":{"line":311,"column":40}},"160":{"start":{"line":312,"column":8},"end":{"line":312,"column":25}},"161":{"start":{"line":313,"column":8},"end":{"line":349,"column":9}},"162":{"start":{"line":314,"column":10},"end":{"line":314,"column":24}},"163":{"start":{"line":315,"column":10},"end":{"line":315,"column":66}},"164":{"start":{"line":316,"column":10},"end":{"line":316,"column":65}},"165":{"start":{"line":317,"column":10},"end":{"line":317,"column":34}},"166":{"start":{"line":319,"column":10},"end":{"line":319,"column":23}},"167":{"start":{"line":320,"column":10},"end":{"line":348,"column":12}},"168":{"start":{"line":321,"column":12},"end":{"line":322,"column":93}},"169":{"start":{"line":323,"column":12},"end":{"line":323,"column":58}},"170":{"start":{"line":325,"column":12},"end":{"line":325,"column":60}},"171":{"start":{"line":326,"column":12},"end":{"line":326,"column":25}},"172":{"start":{"line":327,"column":12},"end":{"line":332,"column":13}},"173":{"start":{"line":328,"column":14},"end":{"line":328,"column":47}},"174":{"start":{"line":329,"column":14},"end":{"line":329,"column":62}},"175":{"start":{"line":331,"column":14},"end":{"line":331,"column":93}},"176":{"start":{"line":334,"column":12},"end":{"line":338,"column":15}},"177":{"start":{"line":340,"column":12},"end":{"line":340,"column":54}},"178":{"start":{"line":341,"column":12},"end":{"line":341,"column":91}},"179":{"start":{"line":343,"column":12},"end":{"line":346,"column":14}},"180":{"start":{"line":347,"column":12},"end":{"line":347,"column":23}},"181":{"start":{"line":350,"column":8},"end":{"line":366,"column":9}},"182":{"start":{"line":351,"column":10},"end":{"line":358,"column":12}},"183":{"start":{"line":362,"column":10},"end":{"line":362,"column":32}},"184":{"start":{"line":363,"column":10},"end":{"line":363,"column":21}},"185":{"start":{"line":365,"column":10},"end":{"line":365,"column":30}},"186":{"start":{"line":369,"column":6},"end":{"line":369,"column":22}},"187":{"start":{"line":371,"column":6},"end":{"line":371,"column":41}},"188":{"start":{"line":372,"column":6},"end":{"line":391,"column":26}},"189":{"start":{"line":373,"column":8},"end":{"line":373,"column":37}},"190":{"start":{"line":375,"column":8},"end":{"line":377,"column":11}},"191":{"start":{"line":376,"column":10},"end":{"line":376,"column":29}},"192":{"start":{"line":379,"column":8},"end":{"line":389,"column":78}},"193":{"start":{"line":390,"column":8},"end":{"line":390,"column":30}},"194":{"start":{"line":394,"column":2},"end":{"line":394,"column":22}},"195":{"start":{"line":396,"column":2},"end":{"line":396,"column":40}},"196":{"start":{"line":397,"column":2},"end":{"line":397,"column":12}}},"branchMap":{"1":{"line":51,"type":"cond-expr","locations":[{"start":{"line":51,"column":27},"end":{"line":51,"column":37}},{"start":{"line":51,"column":40},"end":{"line":51,"column":90}}]},"2":{"line":51,"type":"cond-expr","locations":[{"start":{"line":51,"column":70},"end":{"line":51,"column":81}},{"start":{"line":51,"column":84},"end":{"line":51,"column":90}}]},"3":{"line":51,"type":"binary-expr","locations":[{"start":{"line":51,"column":41},"end":{"line":51,"column":46}},{"start":{"line":51,"column":50},"end":{"line":51,"column":66}}]},"4":{"line":55,"type":"binary-expr","locations":[{"start":{"line":55,"column":17},"end":{"line":55,"column":22}},{"start":{"line":55,"column":26},"end":{"line":55,"column":43}}]},"5":{"line":59,"type":"if","locations":[{"start":{"line":59,"column":2},"end":{"line":59,"column":2}},{"start":{"line":59,"column":2},"end":{"line":59,"column":2}}]},"6":{"line":61,"type":"if","locations":[{"start":{"line":61,"column":2},"end":{"line":61,"column":2}},{"start":{"line":61,"column":2},"end":{"line":61,"column":2}}]},"7":{"line":73,"type":"binary-expr","locations":[{"start":{"line":73,"column":22},"end":{"line":73,"column":39}},{"start":{"line":73,"column":43},"end":{"line":73,"column":62}},{"start":{"line":73,"column":67},"end":{"line":73,"column":84}},{"start":{"line":73,"column":88},"end":{"line":73,"column":90}}]},"8":{"line":77,"type":"cond-expr","locations":[{"start":{"line":77,"column":45},"end":{"line":77,"column":57}},{"start":{"line":77,"column":60},"end":{"line":77,"column":73}}]},"9":{"line":83,"type":"if","locations":[{"start":{"line":83,"column":4},"end":{"line":83,"column":4}},{"start":{"line":83,"column":4},"end":{"line":83,"column":4}}]},"10":{"line":87,"type":"if","locations":[{"start":{"line":87,"column":2},"end":{"line":87,"column":2}},{"start":{"line":87,"column":2},"end":{"line":87,"column":2}}]},"11":{"line":87,"type":"binary-expr","locations":[{"start":{"line":87,"column":6},"end":{"line":87,"column":16}},{"start":{"line":87,"column":20},"end":{"line":87,"column":65}}]},"12":{"line":94,"type":"if","locations":[{"start":{"line":94,"column":2},"end":{"line":94,"column":2}},{"start":{"line":94,"column":2},"end":{"line":94,"column":2}}]},"13":{"line":98,"type":"binary-expr","locations":[{"start":{"line":98,"column":29},"end":{"line":98,"column":37}},{"start":{"line":98,"column":41},"end":{"line":98,"column":78}}]},"14":{"line":106,"type":"if","locations":[{"start":{"line":106,"column":8},"end":{"line":106,"column":8}},{"start":{"line":106,"column":8},"end":{"line":106,"column":8}}]},"15":{"line":108,"type":"if","locations":[{"start":{"line":108,"column":10},"end":{"line":108,"column":10}},{"start":{"line":108,"column":10},"end":{"line":108,"column":10}}]},"16":{"line":130,"type":"if","locations":[{"start":{"line":130,"column":6},"end":{"line":130,"column":6}},{"start":{"line":130,"column":6},"end":{"line":130,"column":6}}]},"17":{"line":142,"type":"if","locations":[{"start":{"line":142,"column":6},"end":{"line":142,"column":6}},{"start":{"line":142,"column":6},"end":{"line":142,"column":6}}]},"18":{"line":144,"type":"binary-expr","locations":[{"start":{"line":144,"column":23},"end":{"line":144,"column":33}},{"start":{"line":144,"column":37},"end":{"line":144,"column":39}}]},"19":{"line":148,"type":"if","locations":[{"start":{"line":148,"column":6},"end":{"line":148,"column":6}},{"start":{"line":148,"column":6},"end":{"line":148,"column":6}}]},"20":{"line":150,"type":"binary-expr","locations":[{"start":{"line":150,"column":23},"end":{"line":150,"column":33}},{"start":{"line":150,"column":37},"end":{"line":150,"column":39}}]},"21":{"line":154,"type":"if","locations":[{"start":{"line":154,"column":6},"end":{"line":154,"column":6}},{"start":{"line":154,"column":6},"end":{"line":154,"column":6}}]},"22":{"line":172,"type":"if","locations":[{"start":{"line":172,"column":4},"end":{"line":172,"column":4}},{"start":{"line":172,"column":4},"end":{"line":172,"column":4}}]},"23":{"line":239,"type":"if","locations":[{"start":{"line":239,"column":6},"end":{"line":239,"column":6}},{"start":{"line":239,"column":6},"end":{"line":239,"column":6}}]},"24":{"line":268,"type":"if","locations":[{"start":{"line":268,"column":6},"end":{"line":268,"column":6}},{"start":{"line":268,"column":6},"end":{"line":268,"column":6}}]},"25":{"line":278,"type":"if","locations":[{"start":{"line":278,"column":6},"end":{"line":278,"column":6}},{"start":{"line":278,"column":6},"end":{"line":278,"column":6}}]},"26":{"line":282,"type":"if","locations":[{"start":{"line":282,"column":10},"end":{"line":282,"column":10}},{"start":{"line":282,"column":10},"end":{"line":282,"column":10}}]},"27":{"line":296,"type":"if","locations":[{"start":{"line":296,"column":4},"end":{"line":296,"column":4}},{"start":{"line":296,"column":4},"end":{"line":296,"column":4}}]},"28":{"line":303,"type":"if","locations":[{"start":{"line":303,"column":6},"end":{"line":303,"column":6}},{"start":{"line":303,"column":6},"end":{"line":303,"column":6}}]},"29":{"line":308,"type":"cond-expr","locations":[{"start":{"line":308,"column":66},"end":{"line":308,"column":75}},{"start":{"line":308,"column":78},"end":{"line":308,"column":84}}]},"30":{"line":313,"type":"if","locations":[{"start":{"line":313,"column":8},"end":{"line":313,"column":8}},{"start":{"line":313,"column":8},"end":{"line":313,"column":8}}]},"31":{"line":313,"type":"binary-expr","locations":[{"start":{"line":313,"column":12},"end":{"line":313,"column":41}},{"start":{"line":313,"column":45},"end":{"line":313,"column":83}}]},"32":{"line":327,"type":"if","locations":[{"start":{"line":327,"column":12},"end":{"line":327,"column":12}},{"start":{"line":327,"column":12},"end":{"line":327,"column":12}}]},"33":{"line":350,"type":"if","locations":[{"start":{"line":350,"column":8},"end":{"line":350,"column":8}},{"start":{"line":350,"column":8},"end":{"line":350,"column":8}}]},"34":{"line":357,"type":"binary-expr","locations":[{"start":{"line":357,"column":18},"end":{"line":357,"column":31}},{"start":{"line":357,"column":35},"end":{"line":357,"column":43}}]}},"code":["'use strict';","","var path = require('path');","var cproc = require('child_process');","var through = require('through2');","var convert = require('convert-source-map');","var EventEmitter = require('events').EventEmitter;","var sm = require('source-map');","var crypto = require('crypto');","var fs = require('fs');","var _ = require('lodash');","var RSVP = require('rsvp');","var readFile = RSVP.denodeify(fs.readFile);","var has = require('./lib/has');","var readline = require('readline');","var synchd = require('synchd');","","function hashStr(str) {","  var hasher = crypto.createHash('sha256');","  hasher.update(str);","  return hasher.digest('base64').slice(0, 20);","}","","var readManagerTemplate = _.once(function() {","  return readFile(path.join(__dirname, 'hmr-manager-template.js'), 'utf8');","});","","var validUpdateModes = ['websocket', 'ajax', 'fs', 'none'];","var updateModesNeedingUrl = ['ajax'];","","function makeIdentitySourceMap(content, resourcePath) {","  var map = new sm.SourceMapGenerator();","  map.setSourceContent(resourcePath, content);","  content.split('\\n').map(function(line, index) {","    map.addMapping({","      source: resourcePath,","      original: {","        line: index+1,","        column: 0","      },","      generated: {","        line: index+1,","        column: 0","      }","    });","  });","  return map.toJSON();","}","","function readOpt(opts, long, short, defval) {","  return has(opts, long) ? opts[long] : (short && has(opts, short)) ? opts[short] : defval;","}","","function boolOpt(value) {","  return Boolean(value && value !== 'false');","}","","module.exports = function(bundle, opts) {","  if (!opts) opts = {};","  var updateMode = readOpt(opts, 'mode', 'm', 'websocket');","  if (updateMode === 'xhr') {","    console.warn('Use update mode \"ajax\" instead of \"xhr\".');","    updateMode = 'ajax';","  }","  var updateUrl = readOpt(opts, 'url', 'u', null);","  var port = readOpt(opts, 'port', 'p', 3123);","  var hostname = readOpt(opts, 'hostname', 'h', 'localhost');","  var updateCacheBust = boolOpt(readOpt(opts, 'cacheBust', 'b', false));","  var bundleKey = readOpt(opts, 'key', 'k', updateMode+':'+updateUrl);","  var cert = readOpt(opts, 'tlscert', 'C', null);","  var key = readOpt(opts, 'tlskey', 'K', null);","  var tlsoptions = opts.tlsoptions;","  var supportModes = (opts.supportModes && opts.supportModes._) || opts.supportModes || [];","  var noServe = boolOpt(readOpt(opts, 'noServe', null, false));","  var ignoreUnaccepted = boolOpt(readOpt(opts, 'ignoreUnaccepted', null, true));","","  var basedir = opts.basedir !== undefined ? opts.basedir : process.cwd();","  var em = new EventEmitter();","","  supportModes = _.uniq(['none', updateMode].concat(supportModes));","","  supportModes.forEach(function(updateMode) {","    if (!_.includes(validUpdateModes, updateMode)) {","      throw ne
[...]
efore the _hmr values are","    // correctly initialized.","    global._hmr[bundleKey] = {initModule: function(){}};","  }","","  var main = require(incPath);","  var isFirstRun = main(","    moduleDefs, cachedModules, moduleMeta, updateUrl,","    updateMode, supportModes, ignoreUnaccepted, updateCacheBust, bundleKey,","    sioPath ? require(sioPath) : null,","    typeof __filename !== 'undefined' && __filename,","    typeof __dirname !== 'undefined' && __dirname","  );","  if (isFirstRun) {","    for (var i=0, len=originalEntries.length; i<len; i++) {","      require(originalEntries[i]);","    }","  }","}).call(","  this,","  typeof global !== \"undefined\" ? global : typeof self !== \"undefined\" ? self : typeof window !== \"undefined\" ? window : {},","  arguments[3], arguments[4], arguments[5], arguments[6]",");",""],"l":{"1":2,"4":2,"5":2,"6":2,"7":2,"8":2,"9":2,"10":2,"11":2,"12":2,"13":2,"15":2,"16":1,"17":1,"19":0,"23":2,"26":1,"29":2,"30":0,"37":0,"38":0,"39":0}},"/home/travis/build/npmtest/node-npmtest-browserify-hmr/node_modules/browserify-hmr/socket-server.js":{"path":"/home/travis/build/npmtest/node-npmtest-browserify-hmr/node_modules/browserify-hmr/socket-server.js","s":{"1":2,"2":2,"3":2,"4":2,"5":2,"6":2,"7":2,"8":2,"9":1,"10":0,"11":2,"12":2,"13":0,"14":0,"15":0,"16":0,"17":0,"18":0,"19":0,"20":0,"21":0,"22":0,"23":0,"24":0,"25":0,"26":0,"27":0,"28":0,"29":0,"30":0,"31":0,"32":1,"33":0,"34":0,"35":0,"36":0,"37":0,"38":0,"39":0,"40":0,"41":0,"42":0,"43":0,"44":0,"45":0,"46":0,"47":0,"48":0,"49":0,"50":0,"51":0,"52":0,"53":0,"54":0,"55":0},"b":{"1":[0,0],"2":[0,0],"3":[0,0],"4":[0,0],"5":[0,0],"6":[0,0],"7":[0,0],"8":[0,0],"9":[0,0]},"f":{"1":0,"2":0,"3":0,"4":0,"5":0,"6":0,"7":0,"8":0,"9":0,"10":0,"11":0},"fnMap":{"1":{"name":"log","line":12,"loc":{"start":{"line":12,"column":0},"end":{"line":12,"column":15}}},"2":{"name":"(anonymous_2)","line":26,"loc":{"start":{"line":26,"column":23},"end":{"line":26,"column":34}}},"3":{"name":"(anonymous_3)","line":30,"loc":{"start":{"line":30,"column":22},"end":{"line":30,"column":39}}},"4":{"name":"(anonymous_4)","line":31,"loc":{"start":{"line":31,"column":22},"end":{"line":31,"column":40}}},"5":{"name":"(anonymous_5)","line":35,"loc":{"start":{"line":35,"column":16},"end":{"line":35,"column":31}}},"6":{"name":"(anonymous_6)","line":42,"loc":{"start":{"line":42,"column":16},"end":{"line":42,"column":31}}},"7":{"name":"(anonymous_7)","line":51,"loc":{"start":{"line":51,"column":32},"end":{"line":51,"column":43}}},"8":{"name":"sendToParent","line":57,"loc":{"start":{"line":57,"column":0},"end":{"line":57,"column":28}}},"9":{"name":"(anonymous_9)","line":63,"loc":{"start":{"line":63,"column":26},"end":{"line":63,"column":41}}},"10":{"name":"(anonymous_10)","line":76,"loc":{"start":{"line":76,"column":31},"end":{"line":76,"column":46}}},"11":{"name":"(anonymous_11)","line":92,"loc":{"start":{"line":92,"column":20},"end":{"line":92,"column":31}}}},"statementMap":{"1":{"start":{"line":3,"column":0},"end":{"line":3,"column":25}},"2":{"start":{"line":4,"column":0},"end":{"line":4,"column":26}},"3":{"start":{"line":5,"column":0},"end":{"line":5,"column":33}},"4":{"start":{"line":6,"column":0},"end":{"line":6,"column":27}},"5":{"start":{"line":7,"column":0},"end":{"line":7,"column":29}},"6":{"start":{"line":8,"column":0},"end":{"line":8,"column":36}},"7":{"start":{"line":9,"column":0},"end":{"line":9,"column":31}},"8":{"start":{"line":10,"column":0},"end":{"line":10,"column":35}},"9":{"start":{"line":12,"column":0},"end":{"line":14,"column":1}},"10":{"start":{"line":13,"column":2},"end":{"line":13,"column":96}},"11":{"start":{"line":16,"column":0},"end":{"line":16,"column":37}},"12":{"start":{"line":17,"column":0},"end":{"line":21,"column":3}},"13":{"start":{"line":23,"column":0},"end":{"line":23,"column":31}},"14":{"start":{"line":24,"column":0},"end":{"line":24,"column":27}},"15":{"start":{"line":26,"column":0},"end":{"line":55,"column":3}},"16":{"start":{"line":27,"column":2},"end":{"line":27,"column":22}},"17":{"start":{"line":28,"column":2},"end":{"line":28,"column":77}},"18":{"start":{"line":29,"column":2},"end":{"line":29,"column":28}},"19":{"start":{"line":30,"column":2},"end":{"line":50,"column":5}},"20":{"start":{"line":31,"column":4},"end":{"line":49,"column":7}},"21":{"start":{"line":32,"column":6},"end":{"line":32,"column":37}},"22":{"start":{"line":33,"column":6},"end":{"line":39,"column":17}},"23":{"start":{"line":36,"column":10},"end":{"line":36,"column":82}},"24":{"start":{"line":40,"column":6},"end":{"line":45,"column":17}},"25":{"start":{"line":43,"column":10},"end":{"line":43,"column":47}},"26":{"start":{"line":46,"column":6},"end":{"line":46,"column":40}},"27":{"start":{"line":47,"column":6},"end":{"line":48,"column":99}},"28":{"start":{"line":48,"column":8},"end":{"line":48,"column":99}},"29":{"start":{"line":51,"column":2},"end":{"line":53,"column":5}},"30":{"start":{"line":52,"column":4},"end":{"line":52,"column":43}},"31":{"start":{"line":54,"column":2},"end":{"line":54,"column":12}},"32":{"start":{"line":57,"column":0},"end":{"line":59,"column":1}},"33":{"start":{"line":58,"column":2},"end":{"line":58,"column":42}},"34":{"start":{"line":61,"column":0},"end":{"line":61,"column":34}},"35":{"start":{"line":63,"column":0},"end":{"line":91,"column":3}},"36":{"start":{"line":64,"column":2},"end":{"line":64,"column":29}},"37":{"start":{"line":65,"column":2},"end":{"line":90,"column":3}},"38":{"start":{"line":66,"column":4},"end":{"line":66,"column":28}},"39":{"start":{"line":67,"column":4},"end":{"line":67,"column":20}},"40":{"start":{"line":68,"column":4},"end":{"line":68,"column":32}},"41":{"start":{"line":69,"column":9},"end":{"line":90,"column":3}},"42":{"start":{"line":70,"column":4},"end":{"line":70,"column":50}},"43":{"start":{"line":71,"column":9},"end":{"line":90,"column":3}},"44":{"start":{"line":72,"column":4},"end":{"line":72,"column":49}},"45":{"start":{"line":73,"column":4},"end":{"line":73,"column":58}},"46":{"start":{"line":74,"column":4},"end":{"line":74,"column":25}},"47":{"start":{"line":76,"column":4},"end":{"line":78,"column":7}},"48":{"start":{"line":77,"column":6},"end":{"line":77,"column":37}},"49":{"start":{"line":79,"column":4},"end":{"line":85,"column":5}},"50":{"start":{"line":80,"column":6},"end":{"line":80,"column":30}},"51":{"start":{"line":81,"column":6},"end":{"line":84,"column":9}},"52":{"start":{"line":87,"column":4},"end":{"line":87,"column":34}},"53":{"start":{"line":89,"column":4},"end":{"line":89,"column":41}},"54":{"start":{"line":92,"column":0},"end":{"line":94,"column":3}},"55":{"start":{"line":93,"column":2},"end":{"line":93,"column":18}}},"branchMap":{"1":{"line":28,"type":"cond-expr","locations":[{"start":{"line":28,"column":28},"end":{"line":28,"column":57}},{"start":{"line":28,"column":60},"end":{"line":28,"column":76}}]},"2":{"line":36,"type":"binary-expr","locations":[{"start":{"line":36,"column":17},"end":{"line":36,"column":39}},{"start":{"line":36,"column":43},"end":{"line":36,"column":81}}]},"3":{"line":47,"type":"if","locations":[{"start":{"line":47,"column":6},"end":{"line":47,"column":6}},{"start":{"line":47,"column":6},"end":{"line":47,"column":6}}]},"4":{"line":47,"type":"binary-expr","locations":[{"start":{"line":47,"column":10},"end":{"line":47,"column":43}},{"start":{"line":47,"column":47},"end":{"line":47,"column":68}}]},"5":{"line":65,"type":"if","locations":[{"start":{"line":65,"column":2},"end":{"line":65,"column":2}},{"start":{"line":65,"column":2},"end":{"line":65,"column":2}}]},"6":{"line":69,"type":"if","locations":[{"start":{"line":69,"column":9},"end":{"line":69,"column":9}},{"start":{"line":69,"column":9},"end":{"line":69,"column":9}}]},"7":{"line":71,"type":"if","locations":[{"start":{"line":71,"column":9},"end":{"line":71,"column":9}},{"start":{"line":71,"column":9},"end":{"line":71,"column":9}}]},"8":{"line":79,"type":"if","locations":[{"start":{"line":79,"column":4},"end":{"line":79,"column":4}},{"start":{"line":79,"column":4},"end":{"line":79,"column":4}}]},"9":{"line":79,"type":"binary-expr","locations":[{"start":{"line":79,"column":8},"end":{"line":79,"column":52}},{"start":{"line":79,"column":56},"end":{"line":79,"column":81}}]}},"code":["'use strict';","","var net = require('net');","var _ = require('lodash');","var express = require('express');","var http = require('http');","var https = require('https');","var socketio = require('socket.io');","var has = require('./lib/has');","var readline = require('readline');","","function log() {","  console.log.apply(console, [new Date().toTimeString(), '[HMR]'].concat(_.toArray(arguments)));","}","","var parent = new net.Socket({fd: 3});","var parentReadline = readline.createInterface({","  input: parent,","  output: process.stdout,","  terminal: false","});","","var hostname, port, tlsoptions;","var currentModuleData = {};","","var runServer = _.once(function() {","  var app = express();","  var server = tlsoptions ? https.Server(tlsoptions, app) : http.Server(app);","  var io = socketio(server);","  io.on('connection', function(socket) {","    socket.on('sync', function(syncMsg) {","      log('User connected, syncing');","      var newModuleData = _.chain(currentModuleData)","        .toPairs()","        .filter(function(pair) {","          return !has(syncMsg, pair[0]) || syncMsg[pair[0]].hash !== pair[1].hash;","        })","        .fromPairs()","        .value();","      var removedModules = _.chain(syncMsg)","        .keys()","        .filter(function(name) {","          return !has(currentModuleData, name);","        })","        .value();","      socket.emit('sync confirm', null);","      if (Object.keys(newModuleData).length || removedModules.length)","        socket.emit('new modules', {newModuleData: newModuleData, removedModules: removedModules});","    });","  });","  server.listen(port, hostname, function() {","    log('Listening on '+hostname+':'+port);","  });","  return io;","});","","function sendToParent(data) {","  parent.write(JSON.stringify(data)+'\\n');","}","","var uncommittedNewModuleData = {};","","parentReadline.on('line', function(line) {","  var msg = JSON.parse(line);","  if (msg.type === 'config') {","    hostname = msg.hostname;","    port = msg.port;","    tlsoptions = msg.tlsoptions;","  } else if (msg.type === 'newModule') {","    uncommittedNewModuleData[msg.name] = msg.data;","  } else if (msg.type === 'removedModules') {","    sendToParent({type: 'confirmNewModuleData'});","    _.assign(currentModuleData, uncommittedNewModuleData);","    var io = runServer();","","    msg.removedModules.forEach(function(name) {","      delete currentModuleData[name];","    });","    if (Object.keys(uncommittedNewModuleData).length || msg.removedModules.length) {","      log('Emitting updates');","      io.emit('new modules', {","        newModuleData: uncommittedNewModuleData,","        removedModules: msg.removedModules","      });","    }","","    uncommittedNewModuleData = {};","  } else {","    log('Unknow message type', msg.type);","  }","});","parent.on('finish', function() {","  process.exit(0);","});",""],"l":{"3":2,"4":2,"5":2,"6":2,"7":2,"8":2,"9":2,"10":2,"12":1,"13":0,"16":2,"17":2,"23":0,"24":0,"26":0,"27":0,"28":0,"29":0,"30":0,"31":0,"32":0,"33":0,"36":0,"40":0,"43":0,"46":0,"47":0,"48":0,"51":0,"52":0,"54":0,"57":1,"58":0,"61":0,"63":0,"64":0,"65":0,"66":0,"67":0,"68":0,"69":0,"70":0,"71":0,"72":0,"73":0,"74":0,"76":0,"77":0,"79":0,"80":0,"81":0,"87":0,"89":0,"92":0,"93":0}},"/home/travis/build/npmtest/node-npmtest-browserify-hmr/node_modules/browserify-hmr/lib/str-set.js":{"path":"/home/travis/build/npmtest/node-npmtest-browserify-hmr/node_modules/browserify-hmr/lib/str-set.js","s":{"1":1,"2":1,"3":0,"4":0,"5":0,"6":0,"7":0,"8":1,"9":0,"10":0,"11":0,"12":1,"13":0,"14":1,"15":0,"16":0,"17":0,"18":1,"19":0,"20":1,"21":0,"22":0,"23":0,"24":1,"25":0,"26":0,"27":0,"28":0,"29":0,"30":1,"31":0,"32":0,"33":1,"34":0,"35":0,"36":0,"37":0,"38":0,"39":0,"40":0,"41":1,"42":0,"43":0,"44":0,"45":0,"46":1},"b":{"1":[0,0],"2":[0,0],"3":[0,0],"4":[0,0],"5":[0,0],"6":[0,0],"7":[0,0]},"f":{"1":0,"2":0,"3":0,"4":0,"5":0,"6":0,"7":0,"8":0,"9":0,"10":0,"11":0,"12":0,"13":0,"14":0},"fnMap":{"1":{"name":"StrSet","line":5,"loc":{"start":{"line":5,"column":0},"end":{"line":5,"column":23}}},"2":{"name":"(anonymous_2)","line":14,"loc":{"start":{"line":14,"column":23},"end":{"line":14,"column":39}}},"3":{"name":"(anonymous_3)","line":20,"loc":{"start":{"line":20,"column":23},"end":{"line":20,"column":39}}},"4":{"name":"(anonymous_4)","line":23,"loc":{"start":{"line":23,"column":23},"end":{"line":23,"column":39}}},"5":{"name":"(anonymous_5)","line":29,"loc":{"start":{"line":29,"column":24},"end":{"line":29,"column":35}}},"6":{"name":"(anonymous_6)","line":32,"loc":{"start":{"line":32,"column":27},"end":{"line":32,"column":40}}},"7":{"name":"(anonymous_7)","line":39,"loc":{"start":{"line":39,"column":24},"end":{"line":39,"column":37}}},"8":{"name":"(anonymous_8)","line":49,"loc":{"start":{"line":49,"column":25},"end":{"line":49,"column":38}}},"9":{"name":"(anonymous_9)","line":50,"loc":{"start":{"line":50,"column":20},"end":{"line":50,"column":32}}},"10":{"name":"(anonymous_10)","line":54,"loc":{"start":{"line":54,"column":35},"end":{"line":54,"column":57}}},"11":{"name":"(anonymous_11)","line":57,"loc":{"start":{"line":57,"column":21},"end":{"line":57,"column":37}}},"12":{"name":"(anonymous_12)","line":62,"loc":{"start":{"line":62,"column":28},"end":{"line":62,"column":44}}},"13":{"name":"(anonymous_13)","line":67,"loc":{"start":{"line":67,"column":27},"end":{"line":67,"column":38}}},"14":{"name":"(anonymous_14)","line":69,"loc":{"start":{"line":69,"column":15},"end":{"line":69,"column":31}}}},"statementMap":{"1":{"start":{"line":3,"column":0},"end":{"line":3,"column":27}},"2":{"start":{"line":5,"column":0},"end":{"line":13,"column":1}},"3":{"start":{"line":6,"column":2},"end":{"line":6,"column":17}},"4":{"start":{"line":7,"column":2},"end":{"line":7,"column":17}},"5":{"start":{"line":8,"column":2},"end":{"line":12,"column":3}},"6":{"start":{"line":9,"column":4},"end":{"line":11,"column":5}},"7":{"start":{"line":10,"column":6},"end":{"line":10,"column":25}},"8":{"start":{"line":14,"column":0},"end":{"line":19,"column":2}},"9":{"start":{"line":15,"column":2},"end":{"line":18,"column":3}},"10":{"start":{"line":16,"column":4},"end":{"line":16,"column":28}},"11":{"start":{"line":17,"column":4},"end":{"line":17,"column":17}},"12":{"start":{"line":20,"column":0},"end":{"line":22,"column":2}},"13":{"start":{"line":21,"column":2},"end":{"line":21,"column":31}},"14":{"start":{"line":23,"column":0},"end":{"line":28,"column":2}},"15":{"start":{"line":24,"column":2},"end":{"line":27,"column":3}},"16":{"start":{"line":25,"column":4},"end":{"line":25,"column":28}},"17":{"start":{"line":26,"column":4},"end":{"line":26,"column":17}},"18":{"start":{"line":29,"column":0},"end":{"line":31,"column":2}},"19":{"start":{"line":30,"column":2},"end":{"line":30,"column":20}},"20":{"start":{"line":32,"column":0},"end":{"line":38,"column":2}},"21":{"start":{"line":33,"column":2},"end":{"line":37,"column":3}},"22":{"start":{"line":34,"column":4},"end":{"line":36,"column":5}},"23":{"start":{"line":35,"column":6},"end":{"line":35,"column":16}},"24":{"start":{"line":39,"column":0},"end":{"line":48,"column":2}},"25":{"start":{"line":40,"column":2},"end":{"line":46,"column":3}},"26":{"start":{"line":41,"column":4},"end":{"line":45,"column":5}},"27":{"start":{"line":42,"column":6},"end":{"line":44,"column":7}},"28":{"start":{"line":43,"column":8},"end":{"line":43,"column":20}},"29":{"start":{"line":47,"column":2},"end":{"line":47,"column":15}},"30":{"start":{"line":49,"column":0},"end":{"line":53,"column":2}},"31":{"start":{"line":50,"column":2},"end":{"line":52,"column":5}},"32":{"start":{"line":51,"column":4},"end":{"line":51,"column":18}},"33":{"start":{"line":54,"column":0},"end":{"line":66,"column":2}},"34":{"start":{"line":55,"column":2},"end":{"line":55,"column":12}},"35":{"start":{"line":56,"column":2},"end":{"line":65,"column":3}},"36":{"start":{"line":57,"column":4},"end":{"line":59,"column":7}},"37":{"start":{"line":58,"column":6},"end":{"line":58,"column":36}},"38":{"start":{"line":61,"column":4},"end":{"line":61,"column":20}},"39":{"start":{"line":62,"column":4},"end":{"line":64,"column":7}},"40":{"start":{"line":63,"column":6},"end":{"line":63,"column":29}},"41":{"start":{"line":67,"column":0},"end":{"line":73,"column":2}},"42":{"start":{"line":68,"column":2},"end":{"line":68,"column":15}},"43":{"start":{"line":69,"column":2},"end":{"line":71,"column":5}},"44":{"start":{"line":70,"column":4},"end":{"line":70,"column":20}},"45":{"start":{"line":72,"column":2},"end":{"line":72,"column":13}},"46":{"start":{"line":75,"column":0},"end":{"line":75,"column":24}}},"branchMap":{"1":{"line":8,"type":"if","locations":[{"start":{"line":8,"column":2},"end":{"line":8,"column":2}},{"start":{"line":8,"column":2},"end":{"line":8,"column":2}}]},"2":{"line":15,"type":"if","locations":[{"start":{"line":15,"column":2},"end":{"line":15,"column":2}},{"start":{"line":15,"column":2},"end":{"line":15,"column":2}}]},"3":{"line":24,"type":"if","locations":[{"start":{"line":24,"column":2},"end":{"line":24,"column":2}},{"start":{"line":24,"column":2},"end":{"line":24,"column":2}}]},"4":{"line":34,"type":"if","locations":[{"start":{"line":34,"column":4},"end":{"line":34,"column":4}},{"start":{"line":34,"column":4},"end":{"line":34,"column":4}}]},"5":{"line":41,"type":"if","locations":[{"start":{"line":41,"column":4},"end":{"line":41,"column":4}},{"start":{"line":41,"column":4},"end":{"line":41,"column":4}}]},"6":{"line":42,"type":"if","locations":[{"start":{"line":42,"column":6},"end":{"line":42,"column":6}},{"start":{"line":42,"column":6},"end":{"line":42,"column":6}}]},"7":{"line":56,"type":"if","locations":[{"start":{"line":56,"column":2},"end":{"line":56,"column":2}},{"start":{"line":56,"column":2},"end":{"line":56,"column":2}}]}},"code":["'use strict';","","var has = require('./has');","","function StrSet(other) {","  this._map = {};","  this._size = 0;","  if (other) {","    for (var i=0,len=other.length; i<len; i++) {","      this.add(other[i]);","    }","  }","}","StrSet.prototype.add = function(value) {","  if (!this.has(value)) {","    this._map[value] = true;","    this._size++;","  }","};","StrSet.prototype.has = function(value) {","  return has(this._map, value);","};","StrSet.prototype.del = function(value) {","  if (this.has(value)) {","    delete this._map[value];","    this._size--;","  }","};","StrSet.prototype.size = function() {","  return this._size;","};","StrSet.prototype.forEach = function(cb) {","  for (var value in this._map) {","    if (has(this._map, value)) {","      cb(value);","    }","  }","};","StrSet.prototype.some = function(cb) {","  for (var value in this._map) {","    if (has(this._map, value)) {","      if (cb(value)) {","        return true;","      }","    }","  }","  return false;","};","StrSet.prototype.every = function(cb) {","  return !this.some(function(x) {","    return !cb(x);","  });","};","StrSet.prototype.hasIntersection = function(otherStrSet) {","  var value;","  if (this._size < otherStrSet._size) {","    return this.some(function(value) {","      return otherStrSet.has(value);","    });","  } else {","    var self = this;","    return otherStrSet.some(function(value) {","      return self.has(value);","    });","  }","};","StrSet.prototype.toArray = function() {","  var arr = [];","  this.forEach(function(value) {","    arr.push(value);","  });","  return arr;","};","","module.exports = StrSet;",""],"l":{"3":1,"5":1,"6":0,"7":0,"8":0,"9":0,"10":0,"14":1,"15":0,"16":0,"17":0,"20":1,"21":0,"23":1,"24":0,"25":0,"26":0,"29":1,"30":0,"32":1,"33":0,"34":0,"35":0,"39":1,"40":0,"41":0,"42":0,"43":0,"47":0,"49":1,"50":0,"51":0,"54":1,"55":0,"56":0,"57":0,"58":0,"61":0,"62":0,"63":0,"67":1,"68":0,"69":0,"70":0,"72":0,"75":1}}}